2026-03-06 04:14:44,614 - INFO - HTTP Request: POST http://localhost:11434/api/chat "HTTP/1.1 500 Internal Server Error"
2026-03-06 04:14:46,209 - INFO - 🏛️  Continuous Hive Runner initialized
2026-03-06 04:14:46,213 - INFO -    Batch size: 3 surahs
2026-03-06 04:14:46,218 - INFO -    Loop interval: 300 seconds
2026-03-06 04:14:46,218 - INFO - 🏛️  Starting continuous hive operation
2026-03-06 04:14:46,218 - INFO -    Total surahs available: 29
2026-03-06 04:14:46,218 - INFO -    Batch size: 3
2026-03-06 04:14:46,219 - INFO -    Batches per cycle: 9
2026-03-06 04:14:46,219 - INFO - 
================================================================================
2026-03-06 04:14:46,219 - INFO - 🚀 Starting batch 1
2026-03-06 04:14:46,219 - INFO -    Analyzing 3 surahs: [2, 3, 7]
2026-03-06 04:14:46,219 - INFO - ================================================================================
2026-03-06 04:14:49,041 - INFO - ✅ Batch 1 completed
2026-03-06 04:14:49,041 - INFO -    Theories found: 2
2026-03-06 04:14:49,041 - INFO -    Supervisions: 0
2026-03-06 04:14:49,041 - INFO -    Error count: 0
2026-03-06 04:14:49,042 - INFO - ⏳ Waiting 300s before next batch...
2026-03-06 04:19:12,845 - INFO - HTTP Request: POST http://localhost:11434/api/chat "HTTP/1.1 500 Internal Server Error"
2026-03-06 04:19:14,394 - INFO - 🏛️  Continuous Hive Runner initialized
2026-03-06 04:19:14,395 - INFO -    Batch size: 10 surahs
2026-03-06 04:19:14,395 - INFO -    Loop interval: 1800 seconds
2026-03-06 04:19:14,395 - INFO - 🏛️  Starting continuous hive operation
2026-03-06 04:19:14,395 - INFO -    Total surahs available: 29
2026-03-06 04:19:14,395 - INFO -    Batch size: 10
2026-03-06 04:19:14,395 - INFO -    Batches per cycle: 2
2026-03-06 04:19:14,398 - INFO - 
================================================================================
2026-03-06 04:19:14,398 - INFO - 🚀 Starting batch 1
2026-03-06 04:19:14,398 - INFO -    Analyzing 10 surahs: [2, 3, 7, 10, 11, 12, 13, 14, 15, 19]
2026-03-06 04:19:14,399 - INFO - ================================================================================
2026-03-06 04:19:20,218 - INFO - ✅ Batch 1 completed
2026-03-06 04:19:20,219 - INFO -    Theories found: 2
2026-03-06 04:19:20,219 - INFO -    Supervisions: 0
2026-03-06 04:19:20,219 - INFO -    Error count: 0
2026-03-06 04:19:20,219 - INFO - ⏳ Waiting 1800s before next batch...
2026-03-06 04:19:47,449 - INFO - HTTP Request: POST http://localhost:11434/api/chat "HTTP/1.1 500 Internal Server Error"
2026-03-06 04:19:49,042 - INFO - 
================================================================================
2026-03-06 04:19:49,043 - INFO - 🚀 Starting batch 2
2026-03-06 04:19:49,043 - INFO -    Analyzing 3 surahs: [10, 11, 12]
2026-03-06 04:19:49,043 - INFO - ================================================================================
2026-03-06 04:19:49,225 - INFO - 🏛️  Continuous Hive Runner initialized
2026-03-06 04:19:49,225 - INFO -    Batch size: 5 surahs
2026-03-06 04:19:49,225 - INFO -    Loop interval: 600 seconds
2026-03-06 04:19:49,226 - INFO - 🏛️  Starting continuous hive operation
2026-03-06 04:19:49,226 - INFO -    Total surahs available: 29
2026-03-06 04:19:49,226 - INFO -    Batch size: 5
2026-03-06 04:19:49,226 - INFO -    Batches per cycle: 5
2026-03-06 04:19:49,226 - INFO - 
================================================================================
2026-03-06 04:19:49,226 - INFO - 🚀 Starting batch 1
2026-03-06 04:19:49,226 - INFO -    Analyzing 5 surahs: [2, 3, 7, 10, 11]
2026-03-06 04:19:49,226 - INFO - ================================================================================
2026-03-06 04:19:51,800 - INFO - ✅ Batch 2 completed
2026-03-06 04:19:51,800 - INFO -    Theories found: 2
2026-03-06 04:19:51,800 - INFO -    Supervisions: 0
2026-03-06 04:19:51,800 - INFO -    Error count: 0
2026-03-06 04:19:51,800 - INFO - ⏳ Waiting 300s before next batch...
2026-03-06 04:19:52,898 - INFO - ✅ Batch 1 completed
2026-03-06 04:19:52,898 - INFO -    Theories found: 2
2026-03-06 04:19:52,898 - INFO -    Supervisions: 0
2026-03-06 04:19:52,898 - INFO -    Error count: 0
2026-03-06 04:19:52,898 - INFO - ⏳ Waiting 600s before next batch...
2026-03-06 04:24:51,802 - INFO - 
================================================================================
2026-03-06 04:24:51,806 - INFO - 🚀 Starting batch 3
2026-03-06 04:24:51,806 - INFO -    Analyzing 3 surahs: [13, 14, 15]
2026-03-06 04:24:51,806 - INFO - ================================================================================
2026-03-06 04:24:54,506 - INFO - ✅ Batch 3 completed
2026-03-06 04:24:54,506 - INFO -    Theories found: 2
2026-03-06 04:24:54,507 - INFO -    Supervisions: 0
2026-03-06 04:24:54,507 - INFO -    Error count: 0
2026-03-06 04:24:54,509 - INFO - 💾 Periodic state save completed
2026-03-06 04:24:54,509 - INFO - ⏳ Waiting 300s before next batch...
2026-03-06 04:29:52,898 - INFO - 
================================================================================
2026-03-06 04:29:52,899 - INFO - 🚀 Starting batch 2
2026-03-06 04:29:52,900 - INFO -    Analyzing 5 surahs: [12, 13, 14, 15, 19]
2026-03-06 04:29:52,900 - INFO - ================================================================================
2026-03-06 04:29:54,509 - INFO - 
================================================================================
2026-03-06 04:29:54,510 - INFO - 🚀 Starting batch 4
2026-03-06 04:29:54,510 - INFO -    Analyzing 3 surahs: [19, 20, 26]
2026-03-06 04:29:54,510 - INFO - ================================================================================
2026-03-06 04:29:56,507 - INFO - ✅ Batch 2 completed
2026-03-06 04:29:56,507 - INFO -    Theories found: 2
2026-03-06 04:29:56,507 - INFO -    Supervisions: 0
2026-03-06 04:29:56,507 - INFO -    Error count: 0
2026-03-06 04:29:56,507 - INFO - ⏳ Waiting 600s before next batch...
2026-03-06 04:29:57,176 - INFO - ✅ Batch 4 completed
2026-03-06 04:29:57,178 - INFO -    Theories found: 2
2026-03-06 04:29:57,178 - INFO -    Supervisions: 0
2026-03-06 04:29:57,178 - INFO -    Error count: 0
2026-03-06 04:29:57,178 - INFO - ⏳ Waiting 300s before next batch...
2026-03-06 04:34:57,179 - INFO - 
================================================================================
2026-03-06 04:34:57,183 - INFO - 🚀 Starting batch 5
2026-03-06 04:34:57,184 - INFO -    Analyzing 3 surahs: [27, 28, 29]
2026-03-06 04:34:57,184 - INFO - ================================================================================
2026-03-06 04:34:59,871 - INFO - ✅ Batch 5 completed
2026-03-06 04:34:59,871 - INFO -    Theories found: 2
2026-03-06 04:34:59,871 - INFO -    Supervisions: 0
2026-03-06 04:34:59,871 - INFO -    Error count: 0
2026-03-06 04:34:59,871 - INFO - ⏳ Waiting 300s before next batch...
2026-03-06 04:39:56,507 - INFO - 
================================================================================
2026-03-06 04:39:56,508 - INFO - 🚀 Starting batch 3
2026-03-06 04:39:56,509 - INFO -    Analyzing 5 surahs: [20, 26, 27, 28, 29]
2026-03-06 04:39:56,509 - INFO - ================================================================================
2026-03-06 04:39:59,871 - INFO - 
================================================================================
2026-03-06 04:39:59,872 - INFO - 🚀 Starting batch 6
2026-03-06 04:39:59,872 - INFO -    Analyzing 3 surahs: [30, 31, 32]
2026-03-06 04:39:59,872 - INFO - ================================================================================
2026-03-06 04:40:00,129 - INFO - ✅ Batch 3 completed
2026-03-06 04:40:00,129 - INFO -    Theories found: 2
2026-03-06 04:40:00,129 - INFO -    Supervisions: 0
2026-03-06 04:40:00,129 - INFO -    Error count: 0
2026-03-06 04:40:00,130 - INFO - 💾 Periodic state save completed
2026-03-06 04:40:00,130 - INFO - ⏳ Waiting 600s before next batch...
2026-03-06 04:40:02,538 - INFO - ✅ Batch 6 completed
2026-03-06 04:40:02,538 - INFO -    Theories found: 2
2026-03-06 04:40:02,538 - INFO -    Supervisions: 0
2026-03-06 04:40:02,538 - INFO -    Error count: 0
2026-03-06 04:40:02,539 - INFO - 💾 Periodic state save completed
2026-03-06 04:40:02,539 - INFO - ⏳ Waiting 300s before next batch...
2026-03-06 04:45:02,539 - INFO - 
================================================================================
2026-03-06 04:45:02,542 - INFO - 🚀 Starting batch 7
2026-03-06 04:45:02,542 - INFO -    Analyzing 3 surahs: [36, 38, 40]
2026-03-06 04:45:02,543 - INFO - ================================================================================
2026-03-06 04:45:05,380 - INFO - ✅ Batch 7 completed
2026-03-06 04:45:05,380 - INFO -    Theories found: 2
2026-03-06 04:45:05,380 - INFO -    Supervisions: 0
2026-03-06 04:45:05,381 - INFO -    Error count: 0
2026-03-06 04:45:05,381 - INFO - ⏳ Waiting 300s before next batch...
2026-03-06 04:49:20,220 - INFO - 
================================================================================
2026-03-06 04:49:20,255 - INFO - 🚀 Starting batch 2
2026-03-06 04:49:20,256 - INFO -    Analyzing 10 surahs: [20, 26, 27, 28, 29, 30, 31, 32, 36, 38]
2026-03-06 04:49:20,256 - INFO - ================================================================================
2026-03-06 04:49:26,273 - INFO - ✅ Batch 2 completed
2026-03-06 04:49:26,273 - INFO -    Theories found: 2
2026-03-06 04:49:26,273 - INFO -    Supervisions: 0
2026-03-06 04:49:26,273 - INFO -    Error count: 0
2026-03-06 04:49:26,273 - INFO - ⏳ Waiting 1800s before next batch...
2026-03-06 04:50:00,134 - INFO - 
================================================================================
2026-03-06 04:50:00,142 - INFO - 🚀 Starting batch 4
2026-03-06 04:50:00,142 - INFO -    Analyzing 5 surahs: [30, 31, 32, 36, 38]
2026-03-06 04:50:00,143 - INFO - ================================================================================
2026-03-06 04:50:03,824 - INFO - ✅ Batch 4 completed
2026-03-06 04:50:03,824 - INFO -    Theories found: 2
2026-03-06 04:50:03,824 - INFO -    Supervisions: 0
2026-03-06 04:50:03,824 - INFO -    Error count: 0
2026-03-06 04:50:03,825 - INFO - ⏳ Waiting 600s before next batch...
2026-03-06 04:50:05,382 - INFO - 
================================================================================
2026-03-06 04:50:05,393 - INFO - 🚀 Starting batch 8
2026-03-06 04:50:05,393 - INFO -    Analyzing 3 surahs: [41, 42, 43]
2026-03-06 04:50:05,393 - INFO - ================================================================================
2026-03-06 04:50:08,106 - INFO - ✅ Batch 8 completed
2026-03-06 04:50:08,106 - INFO -    Theories found: 2
2026-03-06 04:50:08,106 - INFO -    Supervisions: 0
2026-03-06 04:50:08,106 - INFO -    Error count: 0
2026-03-06 04:50:08,109 - INFO - ⏳ Waiting 300s before next batch...
2026-03-06 04:55:08,109 - INFO - 
================================================================================
2026-03-06 04:55:08,110 - INFO - 🚀 Starting batch 9
2026-03-06 04:55:08,110 - INFO -    Analyzing 3 surahs: [44, 45, 46]
2026-03-06 04:55:08,110 - INFO - ================================================================================
2026-03-06 04:55:10,780 - INFO - ✅ Batch 9 completed
2026-03-06 04:55:10,781 - INFO -    Theories found: 2
2026-03-06 04:55:10,781 - INFO -    Supervisions: 0
2026-03-06 04:55:10,781 - INFO -    Error count: 0
2026-03-06 04:55:10,781 - INFO - 💾 Periodic state save completed
2026-03-06 04:55:10,781 - INFO - ⏳ Waiting 300s before next batch...
2026-03-06 05:00:03,825 - INFO - 
================================================================================
2026-03-06 05:00:03,825 - INFO - 🚀 Starting batch 5
2026-03-06 05:00:03,825 - INFO -    Analyzing 5 surahs: [40, 41, 42, 43, 44]
2026-03-06 05:00:03,825 - INFO - ================================================================================
2026-03-06 05:00:07,380 - INFO - ✅ Batch 5 completed
2026-03-06 05:00:07,382 - INFO -    Theories found: 2
2026-03-06 05:00:07,383 - INFO -    Supervisions: 0
2026-03-06 05:00:07,383 - INFO -    Error count: 0
2026-03-06 05:00:07,383 - INFO - ⏳ Waiting 600s before next batch...
2026-03-06 05:00:10,781 - INFO - 
================================================================================
2026-03-06 05:00:10,782 - INFO - 🚀 Starting batch 10
2026-03-06 05:00:10,782 - INFO -    Analyzing 2 surahs: [50, 68]
2026-03-06 05:00:10,782 - INFO - ================================================================================
2026-03-06 05:00:13,006 - INFO - ✅ Batch 10 completed
2026-03-06 05:00:13,006 - INFO -    Theories found: 2
2026-03-06 05:00:13,006 - INFO -    Supervisions: 0
2026-03-06 05:00:13,007 - INFO -    Error count: 0
2026-03-06 05:00:13,007 - INFO - ⏳ Waiting 300s before next batch...
2026-03-06 05:05:13,007 - INFO - 
================================================================================
2026-03-06 05:05:13,008 - INFO - 🚀 Starting batch 11
2026-03-06 05:05:13,008 - INFO -    Analyzing 3 surahs: [3, 7, 10]
2026-03-06 05:05:13,008 - INFO - ================================================================================
2026-03-06 05:05:15,681 - INFO - ✅ Batch 11 completed
2026-03-06 05:05:15,682 - INFO -    Theories found: 2
2026-03-06 05:05:15,682 - INFO -    Supervisions: 0
2026-03-06 05:05:15,682 - INFO -    Error count: 0
2026-03-06 05:05:15,682 - INFO - ⏳ Waiting 300s before next batch...
2026-03-06 05:10:07,385 - INFO - 
================================================================================
2026-03-06 05:10:07,386 - INFO - 🚀 Starting batch 6
2026-03-06 05:10:07,387 - INFO -    Analyzing 4 surahs: [45, 46, 50, 68]
2026-03-06 05:10:07,387 - INFO - ================================================================================
2026-03-06 05:10:10,697 - INFO - ✅ Batch 6 completed
2026-03-06 05:10:10,697 - INFO -    Theories found: 2
2026-03-06 05:10:10,698 - INFO -    Supervisions: 0
2026-03-06 05:10:10,698 - INFO -    Error count: 0
2026-03-06 05:10:10,699 - INFO - 💾 Periodic state save completed
2026-03-06 05:10:10,699 - INFO - ⏳ Waiting 600s before next batch...
2026-03-06 05:10:15,686 - INFO - 
================================================================================
2026-03-06 05:10:15,697 - INFO - 🚀 Starting batch 12
2026-03-06 05:10:15,697 - INFO -    Analyzing 3 surahs: [11, 12, 13]
2026-03-06 05:10:15,697 - INFO - ================================================================================
2026-03-06 05:10:18,362 - INFO - ✅ Batch 12 completed
2026-03-06 05:10:18,362 - INFO -    Theories found: 2
2026-03-06 05:10:18,362 - INFO -    Supervisions: 0
2026-03-06 05:10:18,362 - INFO -    Error count: 0
2026-03-06 05:10:18,362 - INFO - 💾 Periodic state save completed
2026-03-06 05:10:18,362 - INFO - ⏳ Waiting 300s before next batch...
2026-03-06 05:11:52,421 - INFO - Meritocracy schema initialized
2026-03-06 05:11:52,423 - INFO - Meritocracy DB initialized at /workspaces/QL/data/processed/meritocracy.db
2026-03-06 05:11:52,426 - INFO - Registered agent: Crypt-Worker with role: Cryptographic Engineer
2026-03-06 05:11:52,426 - INFO - Registered agent: Senior Architect with role: Senior Architect & Reviewer
2026-03-06 05:11:52,427 - INFO - Registered agent: Linguistic-Worker with role: Linguistic Analyst
2026-03-06 05:11:52,427 - INFO - Registered agent: Philologist with role: Philological Expert
2026-03-06 05:11:52,445 - INFO - 🏛️  Continuous Hive Runner initialized
2026-03-06 05:11:52,445 - INFO -    Batch size: 3 surahs
2026-03-06 05:11:52,446 - INFO -    Loop interval: 300 seconds
2026-03-06 05:11:52,446 - INFO - 🏛️  Starting continuous hive operation
2026-03-06 05:11:52,446 - INFO -    Total surahs available: 29
2026-03-06 05:11:52,447 - INFO -    Batch size: 3
2026-03-06 05:11:52,447 - INFO -    Batches per cycle: 9
2026-03-06 05:11:52,447 - INFO - 
================================================================================
2026-03-06 05:11:52,447 - INFO - 🚀 Starting batch 1
2026-03-06 05:11:52,448 - INFO -    Analyzing 3 surahs: [2, 3, 7]
2026-03-06 05:11:52,448 - INFO - ================================================================================
2026-03-06 05:11:55,251 - INFO - ✅ Batch 1 completed
2026-03-06 05:11:55,251 - INFO -    Theories found: 2
2026-03-06 05:11:55,252 - INFO -    Supervisions: 0
2026-03-06 05:11:55,252 - INFO -    Error count: 0
2026-03-06 05:11:55,252 - INFO - ⏳ Waiting 300s before next batch...
2026-03-06 05:15:18,363 - INFO - 
================================================================================
2026-03-06 05:15:18,364 - INFO - 🚀 Starting batch 13
2026-03-06 05:15:18,364 - INFO -    Analyzing 3 surahs: [14, 15, 19]
2026-03-06 05:15:18,364 - INFO - ================================================================================
2026-03-06 05:15:21,019 - INFO - ✅ Batch 13 completed
2026-03-06 05:15:21,019 - INFO -    Theories found: 2
2026-03-06 05:15:21,019 - INFO -    Supervisions: 0
2026-03-06 05:15:21,019 - INFO -    Error count: 0
2026-03-06 05:15:21,019 - INFO - ⏳ Waiting 300s before next batch...
2026-03-06 05:16:55,252 - INFO - 
================================================================================
2026-03-06 05:16:55,253 - INFO - 🚀 Starting batch 2
2026-03-06 05:16:55,253 - INFO -    Analyzing 3 surahs: [10, 11, 12]
2026-03-06 05:16:55,253 - INFO - ================================================================================
2026-03-06 05:16:58,005 - INFO - ✅ Batch 2 completed
2026-03-06 05:16:58,006 - INFO -    Theories found: 2
2026-03-06 05:16:58,006 - INFO -    Supervisions: 0
2026-03-06 05:16:58,007 - INFO -    Error count: 0
2026-03-06 05:16:58,007 - INFO - ⏳ Waiting 300s before next batch...
2026-03-06 05:19:26,274 - INFO - 
================================================================================
2026-03-06 05:19:26,276 - INFO - 🚀 Starting batch 3
2026-03-06 05:19:26,276 - INFO -    Analyzing 9 surahs: [40, 41, 42, 43, 44, 45, 46, 50, 68]
2026-03-06 05:19:26,276 - INFO - ================================================================================
2026-03-06 05:19:31,594 - INFO - ✅ Batch 3 completed
2026-03-06 05:19:31,595 - INFO -    Theories found: 2
2026-03-06 05:19:31,595 - INFO -    Supervisions: 0
2026-03-06 05:19:31,595 - INFO -    Error count: 0
2026-03-06 05:19:31,597 - INFO - 💾 Periodic state save completed
2026-03-06 05:19:31,597 - INFO - ⏳ Waiting 1800s before next batch...
2026-03-06 05:20:10,699 - INFO - 
================================================================================
2026-03-06 05:20:10,701 - INFO - 🚀 Starting batch 7
2026-03-06 05:20:10,701 - INFO -    Analyzing 5 surahs: [3, 7, 10, 11, 12]
2026-03-06 05:20:10,701 - INFO - ================================================================================
2026-03-06 05:20:14,248 - INFO - ✅ Batch 7 completed
2026-03-06 05:20:14,248 - INFO -    Theories found: 2
2026-03-06 05:20:14,248 - INFO -    Supervisions: 0
2026-03-06 05:20:14,249 - INFO -    Error count: 0
2026-03-06 05:20:14,249 - INFO - ⏳ Waiting 600s before next batch...
2026-03-06 05:20:21,019 - INFO - 
================================================================================
2026-03-06 05:20:21,020 - INFO - 🚀 Starting batch 14
2026-03-06 05:20:21,021 - INFO -    Analyzing 3 surahs: [20, 26, 27]
2026-03-06 05:20:21,021 - INFO - ================================================================================
2026-03-06 05:20:23,634 - INFO - ✅ Batch 14 completed
2026-03-06 05:20:23,635 - INFO -    Theories found: 2
2026-03-06 05:20:23,635 - INFO -    Supervisions: 0
2026-03-06 05:20:23,635 - INFO -    Error count: 0
2026-03-06 05:20:23,635 - INFO - ⏳ Waiting 300s before next batch...
2026-03-06 05:21:58,007 - INFO - 
================================================================================
2026-03-06 05:21:58,008 - INFO - 🚀 Starting batch 3
2026-03-06 05:21:58,008 - INFO -    Analyzing 3 surahs: [13, 14, 15]
2026-03-06 05:21:58,008 - INFO - ================================================================================
2026-03-06 05:22:00,762 - INFO - ✅ Batch 3 completed
2026-03-06 05:22:00,762 - INFO -    Theories found: 2
2026-03-06 05:22:00,763 - INFO -    Supervisions: 0
2026-03-06 05:22:00,764 - INFO -    Error count: 0
2026-03-06 05:22:00,765 - INFO - 💾 Periodic state save completed
2026-03-06 05:22:00,766 - INFO - ⏳ Waiting 300s before next batch...
2026-03-06 05:25:23,635 - INFO - 
================================================================================
2026-03-06 05:25:23,635 - INFO - 🚀 Starting batch 15
2026-03-06 05:25:23,636 - INFO -    Analyzing 3 surahs: [28, 29, 30]
2026-03-06 05:25:23,636 - INFO - ================================================================================
2026-03-06 05:25:26,286 - INFO - ✅ Batch 15 completed
2026-03-06 05:25:26,286 - INFO -    Theories found: 2
2026-03-06 05:25:26,286 - INFO -    Supervisions: 0
2026-03-06 05:25:26,286 - INFO -    Error count: 0
2026-03-06 05:25:26,286 - INFO - 💾 Periodic state save completed
2026-03-06 05:25:26,287 - INFO - ⏳ Waiting 300s before next batch...
2026-03-06 05:27:00,767 - INFO - 
================================================================================
2026-03-06 05:27:00,767 - INFO - 🚀 Starting batch 4
2026-03-06 05:27:00,768 - INFO -    Analyzing 3 surahs: [19, 20, 26]
2026-03-06 05:27:00,768 - INFO - ================================================================================
2026-03-06 05:27:03,397 - INFO - ✅ Batch 4 completed
2026-03-06 05:27:03,398 - INFO -    Theories found: 2
2026-03-06 05:27:03,398 - INFO -    Supervisions: 0
2026-03-06 05:27:03,398 - INFO -    Error count: 0
2026-03-06 05:27:03,398 - INFO - ⏳ Waiting 300s before next batch...
2026-03-06 05:30:14,249 - INFO - 
================================================================================
2026-03-06 05:30:14,249 - INFO - 🚀 Starting batch 8
2026-03-06 05:30:14,249 - INFO -    Analyzing 5 surahs: [13, 14, 15, 19, 20]
2026-03-06 05:30:14,249 - INFO - ================================================================================
2026-03-06 05:30:17,865 - INFO - ✅ Batch 8 completed
2026-03-06 05:30:17,865 - INFO -    Theories found: 2
2026-03-06 05:30:17,865 - INFO -    Supervisions: 0
2026-03-06 05:30:17,865 - INFO -    Error count: 0
2026-03-06 05:30:17,865 - INFO - ⏳ Waiting 600s before next batch...
2026-03-06 05:30:26,289 - INFO - 
================================================================================
2026-03-06 05:30:26,289 - INFO - 🚀 Starting batch 16
2026-03-06 05:30:26,289 - INFO -    Analyzing 3 surahs: [31, 32, 36]
2026-03-06 05:30:26,289 - INFO - ================================================================================
2026-03-06 05:30:28,971 - INFO - ✅ Batch 16 completed
2026-03-06 05:30:28,971 - INFO -    Theories found: 2
2026-03-06 05:30:28,971 - INFO -    Supervisions: 0
2026-03-06 05:30:28,971 - INFO -    Error count: 0
2026-03-06 05:30:28,971 - INFO - ⏳ Waiting 300s before next batch...
2026-03-06 05:32:03,399 - INFO - 
================================================================================
2026-03-06 05:32:03,401 - INFO - 🚀 Starting batch 5
2026-03-06 05:32:03,402 - INFO -    Analyzing 3 surahs: [27, 28, 29]
2026-03-06 05:32:03,402 - INFO - ================================================================================
2026-03-06 05:32:05,989 - INFO - ✅ Batch 5 completed
2026-03-06 05:32:05,989 - INFO -    Theories found: 2
2026-03-06 05:32:05,989 - INFO -    Supervisions: 0
2026-03-06 05:32:05,990 - INFO -    Error count: 0
2026-03-06 05:32:05,990 - INFO - ⏳ Waiting 300s before next batch...
2026-03-06 05:35:28,981 - INFO - 
================================================================================
2026-03-06 05:35:28,982 - INFO - 🚀 Starting batch 17
2026-03-06 05:35:28,982 - INFO -    Analyzing 3 surahs: [38, 40, 41]
2026-03-06 05:35:28,982 - INFO - ================================================================================
2026-03-06 05:35:32,095 - INFO - ✅ Batch 17 completed
2026-03-06 05:35:32,096 - INFO -    Theories found: 2
2026-03-06 05:35:32,096 - INFO -    Supervisions: 0
2026-03-06 05:35:32,096 - INFO -    Error count: 0
2026-03-06 05:35:32,096 - INFO - ⏳ Waiting 300s before next batch...
2026-03-06 05:37:05,990 - INFO - 
================================================================================
2026-03-06 05:37:05,994 - INFO - 🚀 Starting batch 6
2026-03-06 05:37:05,994 - INFO -    Analyzing 3 surahs: [30, 31, 32]
2026-03-06 05:37:05,995 - INFO - ================================================================================
2026-03-06 05:37:08,611 - INFO - ✅ Batch 6 completed
2026-03-06 05:37:08,613 - INFO -    Theories found: 2
2026-03-06 05:37:08,613 - INFO -    Supervisions: 0
2026-03-06 05:37:08,614 - INFO -    Error count: 0
2026-03-06 05:37:08,617 - INFO - 💾 Periodic state save completed
2026-03-06 05:37:08,617 - INFO - ⏳ Waiting 300s before next batch...
2026-03-06 05:40:17,865 - INFO - 
================================================================================
2026-03-06 05:40:17,870 - INFO - 🚀 Starting batch 9
2026-03-06 05:40:17,870 - INFO -    Analyzing 5 surahs: [26, 27, 28, 29, 30]
2026-03-06 05:40:17,870 - INFO - ================================================================================
2026-03-06 05:40:21,362 - INFO - ✅ Batch 9 completed
2026-03-06 05:40:21,362 - INFO -    Theories found: 2
2026-03-06 05:40:21,362 - INFO -    Supervisions: 0
2026-03-06 05:40:21,362 - INFO -    Error count: 0
2026-03-06 05:40:21,362 - INFO - 💾 Periodic state save completed
2026-03-06 05:40:21,362 - INFO - ⏳ Waiting 600s before next batch...
2026-03-06 05:40:32,097 - INFO - 
================================================================================
2026-03-06 05:40:32,097 - INFO - 🚀 Starting batch 18
2026-03-06 05:40:32,097 - INFO -    Analyzing 3 surahs: [42, 43, 44]
2026-03-06 05:40:32,098 - INFO - ================================================================================
2026-03-06 05:40:34,747 - INFO - ✅ Batch 18 completed
2026-03-06 05:40:34,748 - INFO -    Theories found: 2
2026-03-06 05:40:34,748 - INFO -    Supervisions: 0
2026-03-06 05:40:34,748 - INFO -    Error count: 0
2026-03-06 05:40:34,748 - INFO - 💾 Periodic state save completed
2026-03-06 05:40:34,748 - INFO - ⏳ Waiting 300s before next batch...
2026-03-06 05:42:08,618 - INFO - 
================================================================================
2026-03-06 05:42:08,619 - INFO - 🚀 Starting batch 7
2026-03-06 05:42:08,619 - INFO -    Analyzing 3 surahs: [36, 38, 40]
2026-03-06 05:42:08,619 - INFO - ================================================================================
2026-03-06 05:42:11,279 - INFO - ✅ Batch 7 completed
2026-03-06 05:42:11,279 - INFO -    Theories found: 2
2026-03-06 05:42:11,279 - INFO -    Supervisions: 0
2026-03-06 05:42:11,279 - INFO -    Error count: 0
2026-03-06 05:42:11,279 - INFO - ⏳ Waiting 300s before next batch...
2026-03-06 05:45:34,748 - INFO - 
================================================================================
2026-03-06 05:45:34,749 - INFO - 🚀 Starting batch 19
2026-03-06 05:45:34,749 - INFO -    Analyzing 3 surahs: [45, 46, 50]
2026-03-06 05:45:34,749 - INFO - ================================================================================
2026-03-06 05:45:37,520 - INFO - ✅ Batch 19 completed
2026-03-06 05:45:37,520 - INFO -    Theories found: 2
2026-03-06 05:45:37,520 - INFO -    Supervisions: 0
2026-03-06 05:45:37,520 - INFO -    Error count: 0
2026-03-06 05:45:37,520 - INFO - ⏳ Waiting 300s before next batch...
2026-03-06 05:47:11,279 - INFO - 
================================================================================
2026-03-06 05:47:11,280 - INFO - 🚀 Starting batch 8
2026-03-06 05:47:11,280 - INFO -    Analyzing 3 surahs: [41, 42, 43]
2026-03-06 05:47:11,280 - INFO - ================================================================================
2026-03-06 05:47:14,650 - INFO - ✅ Batch 8 completed
2026-03-06 05:47:14,650 - INFO -    Theories found: 2
2026-03-06 05:47:14,651 - INFO -    Supervisions: 0
2026-03-06 05:47:14,651 - INFO -    Error count: 0
2026-03-06 05:47:14,651 - INFO - ⏳ Waiting 300s before next batch...
2026-03-06 05:49:31,597 - INFO - 
================================================================================
2026-03-06 05:49:31,600 - INFO - 🚀 Starting batch 4
2026-03-06 05:49:31,600 - INFO -    Analyzing 10 surahs: [3, 7, 10, 11, 12, 13, 14, 15, 19, 20]
2026-03-06 05:49:31,600 - INFO - ================================================================================
2026-03-06 05:49:37,415 - INFO - ✅ Batch 4 completed
2026-03-06 05:49:37,415 - INFO -    Theories found: 2
2026-03-06 05:49:37,416 - INFO -    Supervisions: 0
2026-03-06 05:49:37,416 - INFO -    Error count: 0
2026-03-06 05:49:37,416 - INFO - ⏳ Waiting 1800s before next batch...
2026-03-06 05:50:21,363 - INFO - 
================================================================================
2026-03-06 05:50:21,363 - INFO - 🚀 Starting batch 10
2026-03-06 05:50:21,363 - INFO -    Analyzing 5 surahs: [31, 32, 36, 38, 40]
2026-03-06 05:50:21,363 - INFO - ================================================================================
2026-03-06 05:50:24,922 - INFO - ✅ Batch 10 completed
2026-03-06 05:50:24,922 - INFO -    Theories found: 2
2026-03-06 05:50:24,922 - INFO -    Supervisions: 0
2026-03-06 05:50:24,922 - INFO -    Error count: 0
2026-03-06 05:50:24,922 - INFO - ⏳ Waiting 600s before next batch...
2026-03-06 05:50:37,521 - INFO - 
================================================================================
2026-03-06 05:50:37,521 - INFO - 🚀 Starting batch 20
2026-03-06 05:50:37,521 - INFO -    Analyzing 1 surahs: [68]
2026-03-06 05:50:37,521 - INFO - ================================================================================
2026-03-06 05:50:39,679 - INFO - ✅ Batch 20 completed
2026-03-06 05:50:39,679 - INFO -    Theories found: 2
2026-03-06 05:50:39,679 - INFO -    Supervisions: 0
2026-03-06 05:50:39,679 - INFO -    Error count: 0
2026-03-06 05:50:39,679 - INFO - ⏳ Waiting 300s before next batch...
2026-03-06 05:52:14,651 - INFO - 
================================================================================
2026-03-06 05:52:14,651 - INFO - 🚀 Starting batch 9
2026-03-06 05:52:14,651 - INFO -    Analyzing 3 surahs: [44, 45, 46]
2026-03-06 05:52:14,651 - INFO - ================================================================================
2026-03-06 05:52:17,393 - INFO - ✅ Batch 9 completed
2026-03-06 05:52:17,394 - INFO -    Theories found: 2
2026-03-06 05:52:17,394 - INFO -    Supervisions: 0
2026-03-06 05:52:17,394 - INFO -    Error count: 0
2026-03-06 05:52:17,394 - INFO - 💾 Periodic state save completed
2026-03-06 05:52:17,394 - INFO - ⏳ Waiting 300s before next batch...
2026-03-06 05:55:39,679 - INFO - 
================================================================================
2026-03-06 05:55:39,679 - INFO - 🚀 Starting batch 21
2026-03-06 05:55:39,679 - INFO -    Analyzing 3 surahs: [7, 10, 11]
2026-03-06 05:55:39,680 - INFO - ================================================================================
2026-03-06 05:55:42,333 - INFO - ✅ Batch 21 completed
2026-03-06 05:55:42,333 - INFO -    Theories found: 2
2026-03-06 05:55:42,334 - INFO -    Supervisions: 0
2026-03-06 05:55:42,334 - INFO -    Error count: 0
2026-03-06 05:55:42,334 - INFO - 💾 Periodic state save completed
2026-03-06 05:55:42,334 - INFO - ⏳ Waiting 300s before next batch...
2026-03-06 05:57:17,395 - INFO - 
================================================================================
2026-03-06 05:57:17,395 - INFO - 🚀 Starting batch 10
2026-03-06 05:57:17,395 - INFO -    Analyzing 2 surahs: [50, 68]
2026-03-06 05:57:17,395 - INFO - ================================================================================
2026-03-06 05:57:19,677 - INFO - ✅ Batch 10 completed
2026-03-06 05:57:19,678 - INFO -    Theories found: 2
2026-03-06 05:57:19,678 - INFO -    Supervisions: 0
2026-03-06 05:57:19,678 - INFO -    Error count: 0
2026-03-06 05:57:19,678 - INFO - ⏳ Waiting 300s before next batch...
2026-03-06 06:00:24,922 - INFO - 
================================================================================
2026-03-06 06:00:24,923 - INFO - 🚀 Starting batch 11
2026-03-06 06:00:24,923 - INFO -    Analyzing 5 surahs: [41, 42, 43, 44, 45]
2026-03-06 06:00:24,923 - INFO - ================================================================================
2026-03-06 06:00:28,481 - INFO - ✅ Batch 11 completed
2026-03-06 06:00:28,481 - INFO -    Theories found: 2
2026-03-06 06:00:28,481 - INFO -    Supervisions: 0
2026-03-06 06:00:28,481 - INFO -    Error count: 0
2026-03-06 06:00:28,482 - INFO - ⏳ Waiting 600s before next batch...
2026-03-06 06:00:42,334 - INFO - 
================================================================================
2026-03-06 06:00:42,335 - INFO - 🚀 Starting batch 22
2026-03-06 06:00:42,335 - INFO -    Analyzing 3 surahs: [12, 13, 14]
2026-03-06 06:00:42,335 - INFO - ================================================================================
2026-03-06 06:00:44,995 - INFO - ✅ Batch 22 completed
2026-03-06 06:00:44,995 - INFO -    Theories found: 2
2026-03-06 06:00:44,995 - INFO -    Supervisions: 0
2026-03-06 06:00:44,995 - INFO -    Error count: 0
2026-03-06 06:00:44,995 - INFO - ⏳ Waiting 300s before next batch...
2026-03-06 06:02:19,678 - INFO - 
================================================================================
2026-03-06 06:02:19,678 - INFO - 🚀 Starting batch 11
2026-03-06 06:02:19,679 - INFO -    Analyzing 3 surahs: [3, 7, 10]
2026-03-06 06:02:19,679 - INFO - ================================================================================
2026-03-06 06:02:22,436 - INFO - ✅ Batch 11 completed
2026-03-06 06:02:22,436 - INFO -    Theories found: 2
2026-03-06 06:02:22,436 - INFO -    Supervisions: 0
2026-03-06 06:02:22,436 - INFO -    Error count: 0
2026-03-06 06:02:22,436 - INFO - ⏳ Waiting 300s before next batch...
2026-03-06 06:05:44,996 - INFO - 
================================================================================
2026-03-06 06:05:44,996 - INFO - 🚀 Starting batch 23
2026-03-06 06:05:44,996 - INFO -    Analyzing 3 surahs: [15, 19, 20]
2026-03-06 06:05:44,996 - INFO - ================================================================================
2026-03-06 06:05:47,727 - INFO - ✅ Batch 23 completed
2026-03-06 06:05:47,727 - INFO -    Theories found: 2
2026-03-06 06:05:47,727 - INFO -    Supervisions: 0
2026-03-06 06:05:47,727 - INFO -    Error count: 0
2026-03-06 06:05:47,727 - INFO - ⏳ Waiting 300s before next batch...
2026-03-06 06:07:22,437 - INFO - 
================================================================================
2026-03-06 06:07:22,437 - INFO - 🚀 Starting batch 12
2026-03-06 06:07:22,437 - INFO -    Analyzing 3 surahs: [11, 12, 13]
2026-03-06 06:07:22,437 - INFO - ================================================================================
2026-03-06 06:07:25,182 - INFO - ✅ Batch 12 completed
2026-03-06 06:07:25,182 - INFO -    Theories found: 2
2026-03-06 06:07:25,182 - INFO -    Supervisions: 0
2026-03-06 06:07:25,182 - INFO -    Error count: 0
2026-03-06 06:07:25,182 - INFO - 💾 Periodic state save completed
2026-03-06 06:07:25,183 - INFO - ⏳ Waiting 300s before next batch...
2026-03-06 06:10:28,482 - INFO - 
================================================================================
2026-03-06 06:10:28,483 - INFO - 🚀 Starting batch 12
2026-03-06 06:10:28,484 - INFO -    Analyzing 3 surahs: [46, 50, 68]
2026-03-06 06:10:28,484 - INFO - ================================================================================
2026-03-06 06:10:31,168 - INFO - ✅ Batch 12 completed
2026-03-06 06:10:31,168 - INFO -    Theories found: 2
2026-03-06 06:10:31,168 - INFO -    Supervisions: 0
2026-03-06 06:10:31,168 - INFO -    Error count: 0
2026-03-06 06:10:31,169 - INFO - 💾 Periodic state save completed
2026-03-06 06:10:31,169 - INFO - ⏳ Waiting 600s before next batch...
2026-03-06 06:10:47,728 - INFO - 
================================================================================
2026-03-06 06:10:47,728 - INFO - 🚀 Starting batch 24
2026-03-06 06:10:47,728 - INFO -    Analyzing 3 surahs: [26, 27, 28]
2026-03-06 06:10:47,728 - INFO - ================================================================================
2026-03-06 06:10:50,381 - INFO - ✅ Batch 24 completed
2026-03-06 06:10:50,381 - INFO -    Theories found: 2
2026-03-06 06:10:50,381 - INFO -    Supervisions: 0
2026-03-06 06:10:50,381 - INFO -    Error count: 0
2026-03-06 06:10:50,381 - INFO - 💾 Periodic state save completed
2026-03-06 06:10:50,382 - INFO - ⏳ Waiting 300s before next batch...
2026-03-06 06:12:25,183 - INFO - 
================================================================================
2026-03-06 06:12:25,184 - INFO - 🚀 Starting batch 13
2026-03-06 06:12:25,184 - INFO -    Analyzing 3 surahs: [14, 15, 19]
2026-03-06 06:12:25,184 - INFO - ================================================================================
2026-03-06 06:12:27,925 - INFO - ✅ Batch 13 completed
2026-03-06 06:12:27,925 - INFO -    Theories found: 2
2026-03-06 06:12:27,925 - INFO -    Supervisions: 0
2026-03-06 06:12:27,925 - INFO -    Error count: 0
2026-03-06 06:12:27,926 - INFO - ⏳ Waiting 300s before next batch...
2026-03-06 06:15:50,382 - INFO - 
================================================================================
2026-03-06 06:15:50,382 - INFO - 🚀 Starting batch 25
2026-03-06 06:15:50,382 - INFO -    Analyzing 3 surahs: [29, 30, 31]
2026-03-06 06:15:50,382 - INFO - ================================================================================
2026-03-06 06:15:53,013 - INFO - ✅ Batch 25 completed
2026-03-06 06:15:53,014 - INFO -    Theories found: 2
2026-03-06 06:15:53,014 - INFO -    Supervisions: 0
2026-03-06 06:15:53,014 - INFO -    Error count: 0
2026-03-06 06:15:53,014 - INFO - ⏳ Waiting 300s before next batch...
2026-03-06 06:17:27,926 - INFO - 
================================================================================
2026-03-06 06:17:27,926 - INFO - 🚀 Starting batch 14
2026-03-06 06:17:27,926 - INFO -    Analyzing 3 surahs: [20, 26, 27]
2026-03-06 06:17:27,926 - INFO - ================================================================================
2026-03-06 06:17:30,598 - INFO - ✅ Batch 14 completed
2026-03-06 06:17:30,598 - INFO -    Theories found: 2
2026-03-06 06:17:30,598 - INFO -    Supervisions: 0
2026-03-06 06:17:30,599 - INFO -    Error count: 0
2026-03-06 06:17:30,599 - INFO - ⏳ Waiting 300s before next batch...
2026-03-06 06:19:37,416 - INFO - 
================================================================================
2026-03-06 06:19:37,416 - INFO - 🚀 Starting batch 5
2026-03-06 06:19:37,416 - INFO -    Analyzing 10 surahs: [26, 27, 28, 29, 30, 31, 32, 36, 38, 40]
2026-03-06 06:19:37,416 - INFO - ================================================================================
2026-03-06 06:19:43,199 - INFO - ✅ Batch 5 completed
2026-03-06 06:19:43,199 - INFO -    Theories found: 2
2026-03-06 06:19:43,199 - INFO -    Supervisions: 0
2026-03-06 06:19:43,199 - INFO -    Error count: 0
2026-03-06 06:19:43,199 - INFO - ⏳ Waiting 1800s before next batch...
2026-03-06 06:20:31,169 - INFO - 
================================================================================
2026-03-06 06:20:31,169 - INFO - 🚀 Starting batch 13
2026-03-06 06:20:31,169 - INFO -    Analyzing 5 surahs: [7, 10, 11, 12, 13]
2026-03-06 06:20:31,169 - INFO - ================================================================================
2026-03-06 06:20:34,659 - INFO - ✅ Batch 13 completed
2026-03-06 06:20:34,659 - INFO -    Theories found: 2
2026-03-06 06:20:34,659 - INFO -    Supervisions: 0
2026-03-06 06:20:34,659 - INFO -    Error count: 0
2026-03-06 06:20:34,660 - INFO - ⏳ Waiting 600s before next batch...
2026-03-06 06:20:53,014 - INFO - 
================================================================================
2026-03-06 06:20:53,014 - INFO - 🚀 Starting batch 26
2026-03-06 06:20:53,014 - INFO -    Analyzing 3 surahs: [32, 36, 38]
2026-03-06 06:20:53,014 - INFO - ================================================================================
2026-03-06 06:20:55,769 - INFO - ✅ Batch 26 completed
2026-03-06 06:20:55,775 - INFO -    Theories found: 2
2026-03-06 06:20:55,775 - INFO -    Supervisions: 0
2026-03-06 06:20:55,777 - INFO -    Error count: 0
2026-03-06 06:20:55,777 - INFO - ⏳ Waiting 300s before next batch...
2026-03-06 06:22:30,599 - INFO - 
================================================================================
2026-03-06 06:22:30,599 - INFO - 🚀 Starting batch 15
2026-03-06 06:22:30,599 - INFO -    Analyzing 3 surahs: [28, 29, 30]
2026-03-06 06:22:30,599 - INFO - ================================================================================
2026-03-06 06:22:33,278 - INFO - ✅ Batch 15 completed
2026-03-06 06:22:33,278 - INFO -    Theories found: 2
2026-03-06 06:22:33,278 - INFO -    Supervisions: 0
2026-03-06 06:22:33,278 - INFO -    Error count: 0
2026-03-06 06:22:33,279 - INFO - 💾 Periodic state save completed
2026-03-06 06:22:33,279 - INFO - ⏳ Waiting 300s before next batch...
2026-03-06 06:25:55,778 - INFO - 
================================================================================
2026-03-06 06:25:55,778 - INFO - 🚀 Starting batch 27
2026-03-06 06:25:55,779 - INFO -    Analyzing 3 surahs: [40, 41, 42]
2026-03-06 06:25:55,779 - INFO - ================================================================================
2026-03-06 06:25:58,569 - INFO - ✅ Batch 27 completed
2026-03-06 06:25:58,570 - INFO -    Theories found: 2
2026-03-06 06:25:58,570 - INFO -    Supervisions: 0
2026-03-06 06:25:58,570 - INFO -    Error count: 0
2026-03-06 06:25:58,570 - INFO - 💾 Periodic state save completed
2026-03-06 06:25:58,570 - INFO - ⏳ Waiting 300s before next batch...
2026-03-06 06:27:33,279 - INFO - 
================================================================================
2026-03-06 06:27:33,280 - INFO - 🚀 Starting batch 16
2026-03-06 06:27:33,280 - INFO -    Analyzing 3 surahs: [31, 32, 36]
2026-03-06 06:27:33,280 - INFO - ================================================================================
2026-03-06 06:27:35,953 - INFO - ✅ Batch 16 completed
2026-03-06 06:27:35,954 - INFO -    Theories found: 2
2026-03-06 06:27:35,954 - INFO -    Supervisions: 0
2026-03-06 06:27:35,954 - INFO -    Error count: 0
2026-03-06 06:27:35,954 - INFO - ⏳ Waiting 300s before next batch...
2026-03-06 06:30:34,660 - INFO - 
================================================================================
2026-03-06 06:30:34,660 - INFO - 🚀 Starting batch 14
2026-03-06 06:30:34,660 - INFO -    Analyzing 5 surahs: [14, 15, 19, 20, 26]
2026-03-06 06:30:34,660 - INFO - ================================================================================
2026-03-06 06:30:38,151 - INFO - ✅ Batch 14 completed
2026-03-06 06:30:38,151 - INFO -    Theories found: 2
2026-03-06 06:30:38,151 - INFO -    Supervisions: 0
2026-03-06 06:30:38,151 - INFO -    Error count: 0
2026-03-06 06:30:38,151 - INFO - ⏳ Waiting 600s before next batch...
2026-03-06 06:30:58,571 - INFO - 
================================================================================
2026-03-06 06:30:58,571 - INFO - 🚀 Starting batch 28
2026-03-06 06:30:58,571 - INFO -    Analyzing 3 surahs: [43, 44, 45]
2026-03-06 06:30:58,571 - INFO - ================================================================================
2026-03-06 06:31:01,265 - INFO - ✅ Batch 28 completed
2026-03-06 06:31:01,265 - INFO -    Theories found: 2
2026-03-06 06:31:01,265 - INFO -    Supervisions: 0
2026-03-06 06:31:01,265 - INFO -    Error count: 0
2026-03-06 06:31:01,265 - INFO - ⏳ Waiting 300s before next batch...
2026-03-06 06:32:35,954 - INFO - 
================================================================================
2026-03-06 06:32:35,954 - INFO - 🚀 Starting batch 17
2026-03-06 06:32:35,954 - INFO -    Analyzing 3 surahs: [38, 40, 41]
2026-03-06 06:32:35,954 - INFO - ================================================================================
2026-03-06 06:32:38,705 - INFO - ✅ Batch 17 completed
2026-03-06 06:32:38,705 - INFO -    Theories found: 2
2026-03-06 06:32:38,705 - INFO -    Supervisions: 0
2026-03-06 06:32:38,706 - INFO -    Error count: 0
2026-03-06 06:32:38,706 - INFO - ⏳ Waiting 300s before next batch...
2026-03-06 06:36:01,265 - INFO - 
================================================================================
2026-03-06 06:36:01,265 - INFO - 🚀 Starting batch 29
2026-03-06 06:36:01,265 - INFO -    Analyzing 3 surahs: [46, 50, 68]
2026-03-06 06:36:01,266 - INFO - ================================================================================
2026-03-06 06:36:03,878 - INFO - ✅ Batch 29 completed
2026-03-06 06:36:03,879 - INFO -    Theories found: 2
2026-03-06 06:36:03,879 - INFO -    Supervisions: 0
2026-03-06 06:36:03,879 - INFO -    Error count: 0
2026-03-06 06:36:03,879 - INFO - ⏳ Waiting 300s before next batch...
2026-03-06 06:37:38,706 - INFO - 
================================================================================
2026-03-06 06:37:38,706 - INFO - 🚀 Starting batch 18
2026-03-06 06:37:38,707 - INFO -    Analyzing 3 surahs: [42, 43, 44]
2026-03-06 06:37:38,707 - INFO - ================================================================================
2026-03-06 06:37:41,439 - INFO - ✅ Batch 18 completed
2026-03-06 06:37:41,439 - INFO -    Theories found: 2
2026-03-06 06:37:41,439 - INFO -    Supervisions: 0
2026-03-06 06:37:41,439 - INFO -    Error count: 0
2026-03-06 06:37:41,440 - INFO - 💾 Periodic state save completed
2026-03-06 06:37:41,440 - INFO - ⏳ Waiting 300s before next batch...
2026-03-06 06:40:38,152 - INFO - 
================================================================================
2026-03-06 06:40:38,152 - INFO - 🚀 Starting batch 15
2026-03-06 06:40:38,152 - INFO -    Analyzing 5 surahs: [27, 28, 29, 30, 31]
2026-03-06 06:40:38,152 - INFO - ================================================================================
2026-03-06 06:40:41,746 - INFO - ✅ Batch 15 completed
2026-03-06 06:40:41,746 - INFO -    Theories found: 2
2026-03-06 06:40:41,746 - INFO -    Supervisions: 0
2026-03-06 06:40:41,746 - INFO -    Error count: 0
2026-03-06 06:40:41,746 - INFO - 💾 Periodic state save completed
2026-03-06 06:40:41,746 - INFO - ⏳ Waiting 600s before next batch...
2026-03-06 06:41:03,879 - INFO - 
================================================================================
2026-03-06 06:41:03,879 - INFO - 🚀 Starting batch 30
2026-03-06 06:41:03,879 - INFO -    Analyzing 3 surahs: [2, 3, 7]
2026-03-06 06:41:03,879 - INFO - ================================================================================
2026-03-06 06:41:06,550 - INFO - ✅ Batch 30 completed
2026-03-06 06:41:06,550 - INFO -    Theories found: 2
2026-03-06 06:41:06,550 - INFO -    Supervisions: 0
2026-03-06 06:41:06,550 - INFO -    Error count: 0
2026-03-06 06:41:06,550 - INFO - 💾 Periodic state save completed
2026-03-06 06:41:06,550 - INFO - ⏳ Waiting 300s before next batch...
2026-03-06 06:42:41,440 - INFO - 
================================================================================
2026-03-06 06:42:41,441 - INFO - 🚀 Starting batch 19
2026-03-06 06:42:41,441 - INFO -    Analyzing 3 surahs: [45, 46, 50]
2026-03-06 06:42:41,441 - INFO - ================================================================================
2026-03-06 06:42:44,172 - INFO - ✅ Batch 19 completed
2026-03-06 06:42:44,172 - INFO -    Theories found: 2
2026-03-06 06:42:44,173 - INFO -    Supervisions: 0
2026-03-06 06:42:44,173 - INFO -    Error count: 0
2026-03-06 06:42:44,173 - INFO - ⏳ Waiting 300s before next batch...
2026-03-06 06:46:06,551 - INFO - 
================================================================================
2026-03-06 06:46:06,551 - INFO - 🚀 Starting batch 31
2026-03-06 06:46:06,551 - INFO -    Analyzing 3 surahs: [10, 11, 12]
2026-03-06 06:46:06,551 - INFO - ================================================================================
2026-03-06 06:46:09,393 - INFO - ✅ Batch 31 completed
2026-03-06 06:46:09,394 - INFO -    Theories found: 2
2026-03-06 06:46:09,394 - INFO -    Supervisions: 0
2026-03-06 06:46:09,394 - INFO -    Error count: 0
2026-03-06 06:46:09,394 - INFO - ⏳ Waiting 300s before next batch...
2026-03-06 06:47:44,173 - INFO - 
================================================================================
2026-03-06 06:47:44,173 - INFO - 🚀 Starting batch 20
2026-03-06 06:47:44,173 - INFO -    Analyzing 1 surahs: [68]
2026-03-06 06:47:44,173 - INFO - ================================================================================
2026-03-06 06:47:46,006 - INFO - ✅ Batch 20 completed
2026-03-06 06:47:46,006 - INFO -    Theories found: 2
2026-03-06 06:47:46,006 - INFO -    Supervisions: 0
2026-03-06 06:47:46,006 - INFO -    Error count: 0
2026-03-06 06:47:46,006 - INFO - ⏳ Waiting 300s before next batch...
2026-03-06 06:49:43,199 - INFO - 
================================================================================
2026-03-06 06:49:43,200 - INFO - 🚀 Starting batch 6
2026-03-06 06:49:43,200 - INFO -    Analyzing 8 surahs: [41, 42, 43, 44, 45, 46, 50, 68]
2026-03-06 06:49:43,200 - INFO - ================================================================================
2026-03-06 06:49:48,266 - INFO - ✅ Batch 6 completed
2026-03-06 06:49:48,267 - INFO -    Theories found: 2
2026-03-06 06:49:48,267 - INFO -    Supervisions: 0
2026-03-06 06:49:48,267 - INFO -    Error count: 0
2026-03-06 06:49:48,267 - INFO - 💾 Periodic state save completed
2026-03-06 06:49:48,267 - INFO - ⏳ Waiting 1800s before next batch...
2026-03-06 06:50:41,747 - INFO - 
================================================================================
2026-03-06 06:50:41,747 - INFO - 🚀 Starting batch 16
2026-03-06 06:50:41,747 - INFO -    Analyzing 5 surahs: [32, 36, 38, 40, 41]
2026-03-06 06:50:41,747 - INFO - ================================================================================
2026-03-06 06:50:45,416 - INFO - ✅ Batch 16 completed
2026-03-06 06:50:45,416 - INFO -    Theories found: 2
2026-03-06 06:50:45,416 - INFO -    Supervisions: 0
2026-03-06 06:50:45,416 - INFO -    Error count: 0
2026-03-06 06:50:45,416 - INFO - ⏳ Waiting 600s before next batch...
2026-03-06 06:51:09,394 - INFO - 
================================================================================
2026-03-06 06:51:09,394 - INFO - 🚀 Starting batch 32
2026-03-06 06:51:09,394 - INFO -    Analyzing 3 surahs: [13, 14, 15]
2026-03-06 06:51:09,394 - INFO - ================================================================================
2026-03-06 06:51:12,246 - INFO - ✅ Batch 32 completed
2026-03-06 06:51:12,246 - INFO -    Theories found: 2
2026-03-06 06:51:12,247 - INFO -    Supervisions: 0
2026-03-06 06:51:12,247 - INFO -    Error count: 0
2026-03-06 06:51:12,247 - INFO - ⏳ Waiting 300s before next batch...
2026-03-06 06:52:46,006 - INFO - 
================================================================================
2026-03-06 06:52:46,007 - INFO - 🚀 Starting batch 21
2026-03-06 06:52:46,007 - INFO -    Analyzing 3 surahs: [7, 10, 11]
2026-03-06 06:52:46,007 - INFO - ================================================================================
2026-03-06 06:52:48,757 - INFO - ✅ Batch 21 completed
2026-03-06 06:52:48,757 - INFO -    Theories found: 2
2026-03-06 06:52:48,757 - INFO -    Supervisions: 0
2026-03-06 06:52:48,757 - INFO -    Error count: 0
2026-03-06 06:52:48,758 - INFO - 💾 Periodic state save completed
2026-03-06 06:52:48,758 - INFO - ⏳ Waiting 300s before next batch...
2026-03-06 06:56:12,247 - INFO - 
================================================================================
2026-03-06 06:56:12,247 - INFO - 🚀 Starting batch 33
2026-03-06 06:56:12,247 - INFO -    Analyzing 3 surahs: [19, 20, 26]
2026-03-06 06:56:12,247 - INFO - ================================================================================
2026-03-06 06:56:14,952 - INFO - ✅ Batch 33 completed
2026-03-06 06:56:14,952 - INFO -    Theories found: 2
2026-03-06 06:56:14,952 - INFO -    Supervisions: 0
2026-03-06 06:56:14,952 - INFO -    Error count: 0
2026-03-06 06:56:14,952 - INFO - 💾 Periodic state save completed
2026-03-06 06:56:14,952 - INFO - ⏳ Waiting 300s before next batch...
2026-03-06 06:57:48,758 - INFO - 
================================================================================
2026-03-06 06:57:48,758 - INFO - 🚀 Starting batch 22
2026-03-06 06:57:48,758 - INFO -    Analyzing 3 surahs: [12, 13, 14]
2026-03-06 06:57:48,758 - INFO - ================================================================================
2026-03-06 06:57:51,492 - INFO - ✅ Batch 22 completed
2026-03-06 06:57:51,492 - INFO -    Theories found: 2
2026-03-06 06:57:51,492 - INFO -    Supervisions: 0
2026-03-06 06:57:51,492 - INFO -    Error count: 0
2026-03-06 06:57:51,492 - INFO - ⏳ Waiting 300s before next batch...
2026-03-06 07:00:45,416 - INFO - 
================================================================================
2026-03-06 07:00:45,417 - INFO - 🚀 Starting batch 17
2026-03-06 07:00:45,417 - INFO -    Analyzing 5 surahs: [42, 43, 44, 45, 46]
2026-03-06 07:00:45,417 - INFO - ================================================================================
2026-03-06 07:00:48,969 - INFO - ✅ Batch 17 completed
2026-03-06 07:00:48,969 - INFO -    Theories found: 2
2026-03-06 07:00:48,969 - INFO -    Supervisions: 0
2026-03-06 07:00:48,969 - INFO -    Error count: 0
2026-03-06 07:00:48,969 - INFO - ⏳ Waiting 600s before next batch...
2026-03-06 07:01:14,953 - INFO - 
================================================================================
2026-03-06 07:01:14,953 - INFO - 🚀 Starting batch 34
2026-03-06 07:01:14,953 - INFO -    Analyzing 3 surahs: [27, 28, 29]
2026-03-06 07:01:14,953 - INFO - ================================================================================
2026-03-06 07:01:17,666 - INFO - ✅ Batch 34 completed
2026-03-06 07:01:17,666 - INFO -    Theories found: 2
2026-03-06 07:01:17,666 - INFO -    Supervisions: 0
2026-03-06 07:01:17,666 - INFO -    Error count: 0
2026-03-06 07:01:17,666 - INFO - ⏳ Waiting 300s before next batch...
2026-03-06 07:02:51,492 - INFO - 
================================================================================
2026-03-06 07:02:51,493 - INFO - 🚀 Starting batch 23
2026-03-06 07:02:51,493 - INFO -    Analyzing 3 surahs: [15, 19, 20]
2026-03-06 07:02:51,493 - INFO - ================================================================================
2026-03-06 07:02:54,166 - INFO - ✅ Batch 23 completed
2026-03-06 07:02:54,166 - INFO -    Theories found: 2
2026-03-06 07:02:54,166 - INFO -    Supervisions: 0
2026-03-06 07:02:54,166 - INFO -    Error count: 0
2026-03-06 07:02:54,166 - INFO - ⏳ Waiting 300s before next batch...
2026-03-06 07:06:17,666 - INFO - 
================================================================================
2026-03-06 07:06:17,666 - INFO - 🚀 Starting batch 35
2026-03-06 07:06:17,666 - INFO -    Analyzing 3 surahs: [30, 31, 32]
2026-03-06 07:06:17,667 - INFO - ================================================================================
2026-03-06 07:06:20,373 - INFO - ✅ Batch 35 completed
2026-03-06 07:06:20,373 - INFO -    Theories found: 2
2026-03-06 07:06:20,373 - INFO -    Supervisions: 0
2026-03-06 07:06:20,373 - INFO -    Error count: 0
2026-03-06 07:06:20,374 - INFO - ⏳ Waiting 300s before next batch...
