2026-03-06 04:14:44,614 - INFO - HTTP Request: POST http://localhost:11434/api/chat "HTTP/1.1 500 Internal Server Error"
2026-03-06 04:14:46,209 - INFO - 🏛️  Continuous Hive Runner initialized
2026-03-06 04:14:46,213 - INFO -    Batch size: 3 surahs
2026-03-06 04:14:46,218 - INFO -    Loop interval: 300 seconds
2026-03-06 04:14:46,218 - INFO - 🏛️  Starting continuous hive operation
2026-03-06 04:14:46,218 - INFO -    Total surahs available: 29
2026-03-06 04:14:46,218 - INFO -    Batch size: 3
2026-03-06 04:14:46,219 - INFO -    Batches per cycle: 9
2026-03-06 04:14:46,219 - INFO - 
================================================================================
2026-03-06 04:14:46,219 - INFO - 🚀 Starting batch 1
2026-03-06 04:14:46,219 - INFO -    Analyzing 3 surahs: [2, 3, 7]
2026-03-06 04:14:46,219 - INFO - ================================================================================
2026-03-06 04:14:49,041 - INFO - ✅ Batch 1 completed
2026-03-06 04:14:49,041 - INFO -    Theories found: 2
2026-03-06 04:14:49,041 - INFO -    Supervisions: 0
2026-03-06 04:14:49,041 - INFO -    Error count: 0
2026-03-06 04:14:49,042 - INFO - ⏳ Waiting 300s before next batch...
2026-03-06 04:19:49,042 - INFO - 
================================================================================
2026-03-06 04:19:49,043 - INFO - 🚀 Starting batch 2
2026-03-06 04:19:49,043 - INFO -    Analyzing 3 surahs: [10, 11, 12]
2026-03-06 04:19:49,043 - INFO - ================================================================================
2026-03-06 04:19:51,800 - INFO - ✅ Batch 2 completed
2026-03-06 04:19:51,800 - INFO -    Theories found: 2
2026-03-06 04:19:51,800 - INFO -    Supervisions: 0
2026-03-06 04:19:51,800 - INFO -    Error count: 0
2026-03-06 04:19:51,800 - INFO - ⏳ Waiting 300s before next batch...
2026-03-06 04:24:51,802 - INFO - 
================================================================================
2026-03-06 04:24:51,806 - INFO - 🚀 Starting batch 3
2026-03-06 04:24:51,806 - INFO -    Analyzing 3 surahs: [13, 14, 15]
2026-03-06 04:24:51,806 - INFO - ================================================================================
2026-03-06 04:24:54,506 - INFO - ✅ Batch 3 completed
2026-03-06 04:24:54,506 - INFO -    Theories found: 2
2026-03-06 04:24:54,507 - INFO -    Supervisions: 0
2026-03-06 04:24:54,507 - INFO -    Error count: 0
2026-03-06 04:24:54,509 - INFO - 💾 Periodic state save completed
2026-03-06 04:24:54,509 - INFO - ⏳ Waiting 300s before next batch...
2026-03-06 04:29:54,509 - INFO - 
================================================================================
2026-03-06 04:29:54,510 - INFO - 🚀 Starting batch 4
2026-03-06 04:29:54,510 - INFO -    Analyzing 3 surahs: [19, 20, 26]
2026-03-06 04:29:54,510 - INFO - ================================================================================
2026-03-06 04:29:57,176 - INFO - ✅ Batch 4 completed
2026-03-06 04:29:57,178 - INFO -    Theories found: 2
2026-03-06 04:29:57,178 - INFO -    Supervisions: 0
2026-03-06 04:29:57,178 - INFO -    Error count: 0
2026-03-06 04:29:57,178 - INFO - ⏳ Waiting 300s before next batch...
2026-03-06 04:34:57,179 - INFO - 
================================================================================
2026-03-06 04:34:57,183 - INFO - 🚀 Starting batch 5
2026-03-06 04:34:57,184 - INFO -    Analyzing 3 surahs: [27, 28, 29]
2026-03-06 04:34:57,184 - INFO - ================================================================================
2026-03-06 04:34:59,871 - INFO - ✅ Batch 5 completed
2026-03-06 04:34:59,871 - INFO -    Theories found: 2
2026-03-06 04:34:59,871 - INFO -    Supervisions: 0
2026-03-06 04:34:59,871 - INFO -    Error count: 0
2026-03-06 04:34:59,871 - INFO - ⏳ Waiting 300s before next batch...
2026-03-06 04:39:59,871 - INFO - 
================================================================================
2026-03-06 04:39:59,872 - INFO - 🚀 Starting batch 6
2026-03-06 04:39:59,872 - INFO -    Analyzing 3 surahs: [30, 31, 32]
2026-03-06 04:39:59,872 - INFO - ================================================================================
2026-03-06 04:40:02,538 - INFO - ✅ Batch 6 completed
2026-03-06 04:40:02,538 - INFO -    Theories found: 2
2026-03-06 04:40:02,538 - INFO -    Supervisions: 0
2026-03-06 04:40:02,538 - INFO -    Error count: 0
2026-03-06 04:40:02,539 - INFO - 💾 Periodic state save completed
2026-03-06 04:40:02,539 - INFO - ⏳ Waiting 300s before next batch...
2026-03-06 04:45:02,539 - INFO - 
================================================================================
2026-03-06 04:45:02,542 - INFO - 🚀 Starting batch 7
2026-03-06 04:45:02,542 - INFO -    Analyzing 3 surahs: [36, 38, 40]
2026-03-06 04:45:02,543 - INFO - ================================================================================
2026-03-06 04:45:05,380 - INFO - ✅ Batch 7 completed
2026-03-06 04:45:05,380 - INFO -    Theories found: 2
2026-03-06 04:45:05,380 - INFO -    Supervisions: 0
2026-03-06 04:45:05,381 - INFO -    Error count: 0
2026-03-06 04:45:05,381 - INFO - ⏳ Waiting 300s before next batch...
2026-03-06 04:50:05,382 - INFO - 
================================================================================
2026-03-06 04:50:05,393 - INFO - 🚀 Starting batch 8
2026-03-06 04:50:05,393 - INFO -    Analyzing 3 surahs: [41, 42, 43]
2026-03-06 04:50:05,393 - INFO - ================================================================================
2026-03-06 04:50:08,106 - INFO - ✅ Batch 8 completed
2026-03-06 04:50:08,106 - INFO -    Theories found: 2
2026-03-06 04:50:08,106 - INFO -    Supervisions: 0
2026-03-06 04:50:08,106 - INFO -    Error count: 0
2026-03-06 04:50:08,109 - INFO - ⏳ Waiting 300s before next batch...
2026-03-06 04:55:08,109 - INFO - 
================================================================================
2026-03-06 04:55:08,110 - INFO - 🚀 Starting batch 9
2026-03-06 04:55:08,110 - INFO -    Analyzing 3 surahs: [44, 45, 46]
2026-03-06 04:55:08,110 - INFO - ================================================================================
2026-03-06 04:55:10,780 - INFO - ✅ Batch 9 completed
2026-03-06 04:55:10,781 - INFO -    Theories found: 2
2026-03-06 04:55:10,781 - INFO -    Supervisions: 0
2026-03-06 04:55:10,781 - INFO -    Error count: 0
2026-03-06 04:55:10,781 - INFO - 💾 Periodic state save completed
2026-03-06 04:55:10,781 - INFO - ⏳ Waiting 300s before next batch...
2026-03-06 05:00:10,781 - INFO - 
================================================================================
2026-03-06 05:00:10,782 - INFO - 🚀 Starting batch 10
2026-03-06 05:00:10,782 - INFO -    Analyzing 2 surahs: [50, 68]
2026-03-06 05:00:10,782 - INFO - ================================================================================
2026-03-06 05:00:13,006 - INFO - ✅ Batch 10 completed
2026-03-06 05:00:13,006 - INFO -    Theories found: 2
2026-03-06 05:00:13,006 - INFO -    Supervisions: 0
2026-03-06 05:00:13,007 - INFO -    Error count: 0
2026-03-06 05:00:13,007 - INFO - ⏳ Waiting 300s before next batch...
2026-03-06 05:05:13,007 - INFO - 
================================================================================
2026-03-06 05:05:13,008 - INFO - 🚀 Starting batch 11
2026-03-06 05:05:13,008 - INFO -    Analyzing 3 surahs: [3, 7, 10]
2026-03-06 05:05:13,008 - INFO - ================================================================================
2026-03-06 05:05:15,681 - INFO - ✅ Batch 11 completed
2026-03-06 05:05:15,682 - INFO -    Theories found: 2
2026-03-06 05:05:15,682 - INFO -    Supervisions: 0
2026-03-06 05:05:15,682 - INFO -    Error count: 0
2026-03-06 05:05:15,682 - INFO - ⏳ Waiting 300s before next batch...
2026-03-06 05:10:15,686 - INFO - 
================================================================================
2026-03-06 05:10:15,697 - INFO - 🚀 Starting batch 12
2026-03-06 05:10:15,697 - INFO -    Analyzing 3 surahs: [11, 12, 13]
2026-03-06 05:10:15,697 - INFO - ================================================================================
2026-03-06 05:10:18,362 - INFO - ✅ Batch 12 completed
2026-03-06 05:10:18,362 - INFO -    Theories found: 2
2026-03-06 05:10:18,362 - INFO -    Supervisions: 0
2026-03-06 05:10:18,362 - INFO -    Error count: 0
2026-03-06 05:10:18,362 - INFO - 💾 Periodic state save completed
2026-03-06 05:10:18,362 - INFO - ⏳ Waiting 300s before next batch...
2026-03-06 05:15:18,363 - INFO - 
================================================================================
2026-03-06 05:15:18,364 - INFO - 🚀 Starting batch 13
2026-03-06 05:15:18,364 - INFO -    Analyzing 3 surahs: [14, 15, 19]
2026-03-06 05:15:18,364 - INFO - ================================================================================
2026-03-06 05:15:21,019 - INFO - ✅ Batch 13 completed
2026-03-06 05:15:21,019 - INFO -    Theories found: 2
2026-03-06 05:15:21,019 - INFO -    Supervisions: 0
2026-03-06 05:15:21,019 - INFO -    Error count: 0
2026-03-06 05:15:21,019 - INFO - ⏳ Waiting 300s before next batch...
2026-03-06 05:20:21,019 - INFO - 
================================================================================
2026-03-06 05:20:21,020 - INFO - 🚀 Starting batch 14
2026-03-06 05:20:21,021 - INFO -    Analyzing 3 surahs: [20, 26, 27]
2026-03-06 05:20:21,021 - INFO - ================================================================================
2026-03-06 05:20:23,634 - INFO - ✅ Batch 14 completed
2026-03-06 05:20:23,635 - INFO -    Theories found: 2
2026-03-06 05:20:23,635 - INFO -    Supervisions: 0
2026-03-06 05:20:23,635 - INFO -    Error count: 0
2026-03-06 05:20:23,635 - INFO - ⏳ Waiting 300s before next batch...
2026-03-06 05:25:23,635 - INFO - 
================================================================================
2026-03-06 05:25:23,635 - INFO - 🚀 Starting batch 15
2026-03-06 05:25:23,636 - INFO -    Analyzing 3 surahs: [28, 29, 30]
2026-03-06 05:25:23,636 - INFO - ================================================================================
2026-03-06 05:25:26,286 - INFO - ✅ Batch 15 completed
2026-03-06 05:25:26,286 - INFO -    Theories found: 2
2026-03-06 05:25:26,286 - INFO -    Supervisions: 0
2026-03-06 05:25:26,286 - INFO -    Error count: 0
2026-03-06 05:25:26,286 - INFO - 💾 Periodic state save completed
2026-03-06 05:25:26,287 - INFO - ⏳ Waiting 300s before next batch...
2026-03-06 05:30:26,289 - INFO - 
================================================================================
2026-03-06 05:30:26,289 - INFO - 🚀 Starting batch 16
2026-03-06 05:30:26,289 - INFO -    Analyzing 3 surahs: [31, 32, 36]
2026-03-06 05:30:26,289 - INFO - ================================================================================
2026-03-06 05:30:28,971 - INFO - ✅ Batch 16 completed
2026-03-06 05:30:28,971 - INFO -    Theories found: 2
2026-03-06 05:30:28,971 - INFO -    Supervisions: 0
2026-03-06 05:30:28,971 - INFO -    Error count: 0
2026-03-06 05:30:28,971 - INFO - ⏳ Waiting 300s before next batch...
2026-03-06 05:35:28,981 - INFO - 
================================================================================
2026-03-06 05:35:28,982 - INFO - 🚀 Starting batch 17
2026-03-06 05:35:28,982 - INFO -    Analyzing 3 surahs: [38, 40, 41]
2026-03-06 05:35:28,982 - INFO - ================================================================================
2026-03-06 05:35:32,095 - INFO - ✅ Batch 17 completed
2026-03-06 05:35:32,096 - INFO -    Theories found: 2
2026-03-06 05:35:32,096 - INFO -    Supervisions: 0
2026-03-06 05:35:32,096 - INFO -    Error count: 0
2026-03-06 05:35:32,096 - INFO - ⏳ Waiting 300s before next batch...
2026-03-06 05:40:32,097 - INFO - 
================================================================================
2026-03-06 05:40:32,097 - INFO - 🚀 Starting batch 18
2026-03-06 05:40:32,097 - INFO -    Analyzing 3 surahs: [42, 43, 44]
2026-03-06 05:40:32,098 - INFO - ================================================================================
2026-03-06 05:40:34,747 - INFO - ✅ Batch 18 completed
2026-03-06 05:40:34,748 - INFO -    Theories found: 2
2026-03-06 05:40:34,748 - INFO -    Supervisions: 0
2026-03-06 05:40:34,748 - INFO -    Error count: 0
2026-03-06 05:40:34,748 - INFO - 💾 Periodic state save completed
2026-03-06 05:40:34,748 - INFO - ⏳ Waiting 300s before next batch...
2026-03-06 05:45:34,748 - INFO - 
================================================================================
2026-03-06 05:45:34,749 - INFO - 🚀 Starting batch 19
2026-03-06 05:45:34,749 - INFO -    Analyzing 3 surahs: [45, 46, 50]
2026-03-06 05:45:34,749 - INFO - ================================================================================
2026-03-06 05:45:37,520 - INFO - ✅ Batch 19 completed
2026-03-06 05:45:37,520 - INFO -    Theories found: 2
2026-03-06 05:45:37,520 - INFO -    Supervisions: 0
2026-03-06 05:45:37,520 - INFO -    Error count: 0
2026-03-06 05:45:37,520 - INFO - ⏳ Waiting 300s before next batch...
2026-03-06 05:50:37,521 - INFO - 
================================================================================
2026-03-06 05:50:37,521 - INFO - 🚀 Starting batch 20
2026-03-06 05:50:37,521 - INFO -    Analyzing 1 surahs: [68]
2026-03-06 05:50:37,521 - INFO - ================================================================================
2026-03-06 05:50:39,679 - INFO - ✅ Batch 20 completed
2026-03-06 05:50:39,679 - INFO -    Theories found: 2
2026-03-06 05:50:39,679 - INFO -    Supervisions: 0
2026-03-06 05:50:39,679 - INFO -    Error count: 0
2026-03-06 05:50:39,679 - INFO - ⏳ Waiting 300s before next batch...
2026-03-06 05:55:39,679 - INFO - 
================================================================================
2026-03-06 05:55:39,679 - INFO - 🚀 Starting batch 21
2026-03-06 05:55:39,679 - INFO -    Analyzing 3 surahs: [7, 10, 11]
2026-03-06 05:55:39,680 - INFO - ================================================================================
2026-03-06 05:55:42,333 - INFO - ✅ Batch 21 completed
2026-03-06 05:55:42,333 - INFO -    Theories found: 2
2026-03-06 05:55:42,334 - INFO -    Supervisions: 0
2026-03-06 05:55:42,334 - INFO -    Error count: 0
2026-03-06 05:55:42,334 - INFO - 💾 Periodic state save completed
2026-03-06 05:55:42,334 - INFO - ⏳ Waiting 300s before next batch...
2026-03-06 06:00:42,334 - INFO - 
================================================================================
2026-03-06 06:00:42,335 - INFO - 🚀 Starting batch 22
2026-03-06 06:00:42,335 - INFO -    Analyzing 3 surahs: [12, 13, 14]
2026-03-06 06:00:42,335 - INFO - ================================================================================
2026-03-06 06:00:44,995 - INFO - ✅ Batch 22 completed
2026-03-06 06:00:44,995 - INFO -    Theories found: 2
2026-03-06 06:00:44,995 - INFO -    Supervisions: 0
2026-03-06 06:00:44,995 - INFO -    Error count: 0
2026-03-06 06:00:44,995 - INFO - ⏳ Waiting 300s before next batch...
2026-03-06 06:05:44,996 - INFO - 
================================================================================
2026-03-06 06:05:44,996 - INFO - 🚀 Starting batch 23
2026-03-06 06:05:44,996 - INFO -    Analyzing 3 surahs: [15, 19, 20]
2026-03-06 06:05:44,996 - INFO - ================================================================================
2026-03-06 06:05:47,727 - INFO - ✅ Batch 23 completed
2026-03-06 06:05:47,727 - INFO -    Theories found: 2
2026-03-06 06:05:47,727 - INFO -    Supervisions: 0
2026-03-06 06:05:47,727 - INFO -    Error count: 0
2026-03-06 06:05:47,727 - INFO - ⏳ Waiting 300s before next batch...
2026-03-06 06:10:47,728 - INFO - 
================================================================================
2026-03-06 06:10:47,728 - INFO - 🚀 Starting batch 24
2026-03-06 06:10:47,728 - INFO -    Analyzing 3 surahs: [26, 27, 28]
2026-03-06 06:10:47,728 - INFO - ================================================================================
2026-03-06 06:10:50,381 - INFO - ✅ Batch 24 completed
2026-03-06 06:10:50,381 - INFO -    Theories found: 2
2026-03-06 06:10:50,381 - INFO -    Supervisions: 0
2026-03-06 06:10:50,381 - INFO -    Error count: 0
2026-03-06 06:10:50,381 - INFO - 💾 Periodic state save completed
2026-03-06 06:10:50,382 - INFO - ⏳ Waiting 300s before next batch...
2026-03-06 06:15:50,382 - INFO - 
================================================================================
2026-03-06 06:15:50,382 - INFO - 🚀 Starting batch 25
2026-03-06 06:15:50,382 - INFO -    Analyzing 3 surahs: [29, 30, 31]
2026-03-06 06:15:50,382 - INFO - ================================================================================
2026-03-06 06:15:53,013 - INFO - ✅ Batch 25 completed
2026-03-06 06:15:53,014 - INFO -    Theories found: 2
2026-03-06 06:15:53,014 - INFO -    Supervisions: 0
2026-03-06 06:15:53,014 - INFO -    Error count: 0
2026-03-06 06:15:53,014 - INFO - ⏳ Waiting 300s before next batch...
2026-03-06 06:20:53,014 - INFO - 
================================================================================
2026-03-06 06:20:53,014 - INFO - 🚀 Starting batch 26
2026-03-06 06:20:53,014 - INFO -    Analyzing 3 surahs: [32, 36, 38]
2026-03-06 06:20:53,014 - INFO - ================================================================================
2026-03-06 06:20:55,769 - INFO - ✅ Batch 26 completed
2026-03-06 06:20:55,775 - INFO -    Theories found: 2
2026-03-06 06:20:55,775 - INFO -    Supervisions: 0
2026-03-06 06:20:55,777 - INFO -    Error count: 0
2026-03-06 06:20:55,777 - INFO - ⏳ Waiting 300s before next batch...
2026-03-06 06:25:55,778 - INFO - 
================================================================================
2026-03-06 06:25:55,778 - INFO - 🚀 Starting batch 27
2026-03-06 06:25:55,779 - INFO -    Analyzing 3 surahs: [40, 41, 42]
2026-03-06 06:25:55,779 - INFO - ================================================================================
2026-03-06 06:25:58,569 - INFO - ✅ Batch 27 completed
2026-03-06 06:25:58,570 - INFO -    Theories found: 2
2026-03-06 06:25:58,570 - INFO -    Supervisions: 0
2026-03-06 06:25:58,570 - INFO -    Error count: 0
2026-03-06 06:25:58,570 - INFO - 💾 Periodic state save completed
2026-03-06 06:25:58,570 - INFO - ⏳ Waiting 300s before next batch...
2026-03-06 06:30:58,571 - INFO - 
================================================================================
2026-03-06 06:30:58,571 - INFO - 🚀 Starting batch 28
2026-03-06 06:30:58,571 - INFO -    Analyzing 3 surahs: [43, 44, 45]
2026-03-06 06:30:58,571 - INFO - ================================================================================
2026-03-06 06:31:01,265 - INFO - ✅ Batch 28 completed
2026-03-06 06:31:01,265 - INFO -    Theories found: 2
2026-03-06 06:31:01,265 - INFO -    Supervisions: 0
2026-03-06 06:31:01,265 - INFO -    Error count: 0
2026-03-06 06:31:01,265 - INFO - ⏳ Waiting 300s before next batch...
2026-03-06 06:36:01,265 - INFO - 
================================================================================
2026-03-06 06:36:01,265 - INFO - 🚀 Starting batch 29
2026-03-06 06:36:01,265 - INFO -    Analyzing 3 surahs: [46, 50, 68]
2026-03-06 06:36:01,266 - INFO - ================================================================================
2026-03-06 06:36:03,878 - INFO - ✅ Batch 29 completed
2026-03-06 06:36:03,879 - INFO -    Theories found: 2
2026-03-06 06:36:03,879 - INFO -    Supervisions: 0
2026-03-06 06:36:03,879 - INFO -    Error count: 0
2026-03-06 06:36:03,879 - INFO - ⏳ Waiting 300s before next batch...
2026-03-06 06:41:03,879 - INFO - 
================================================================================
2026-03-06 06:41:03,879 - INFO - 🚀 Starting batch 30
2026-03-06 06:41:03,879 - INFO -    Analyzing 3 surahs: [2, 3, 7]
2026-03-06 06:41:03,879 - INFO - ================================================================================
2026-03-06 06:41:06,550 - INFO - ✅ Batch 30 completed
2026-03-06 06:41:06,550 - INFO -    Theories found: 2
2026-03-06 06:41:06,550 - INFO -    Supervisions: 0
2026-03-06 06:41:06,550 - INFO -    Error count: 0
2026-03-06 06:41:06,550 - INFO - 💾 Periodic state save completed
2026-03-06 06:41:06,550 - INFO - ⏳ Waiting 300s before next batch...
2026-03-06 06:46:06,551 - INFO - 
================================================================================
2026-03-06 06:46:06,551 - INFO - 🚀 Starting batch 31
2026-03-06 06:46:06,551 - INFO -    Analyzing 3 surahs: [10, 11, 12]
2026-03-06 06:46:06,551 - INFO - ================================================================================
2026-03-06 06:46:09,393 - INFO - ✅ Batch 31 completed
2026-03-06 06:46:09,394 - INFO -    Theories found: 2
2026-03-06 06:46:09,394 - INFO -    Supervisions: 0
2026-03-06 06:46:09,394 - INFO -    Error count: 0
2026-03-06 06:46:09,394 - INFO - ⏳ Waiting 300s before next batch...
2026-03-06 06:51:09,394 - INFO - 
================================================================================
2026-03-06 06:51:09,394 - INFO - 🚀 Starting batch 32
2026-03-06 06:51:09,394 - INFO -    Analyzing 3 surahs: [13, 14, 15]
2026-03-06 06:51:09,394 - INFO - ================================================================================
2026-03-06 06:51:12,246 - INFO - ✅ Batch 32 completed
2026-03-06 06:51:12,246 - INFO -    Theories found: 2
2026-03-06 06:51:12,247 - INFO -    Supervisions: 0
2026-03-06 06:51:12,247 - INFO -    Error count: 0
2026-03-06 06:51:12,247 - INFO - ⏳ Waiting 300s before next batch...
2026-03-06 06:56:12,247 - INFO - 
================================================================================
2026-03-06 06:56:12,247 - INFO - 🚀 Starting batch 33
2026-03-06 06:56:12,247 - INFO -    Analyzing 3 surahs: [19, 20, 26]
2026-03-06 06:56:12,247 - INFO - ================================================================================
2026-03-06 06:56:14,952 - INFO - ✅ Batch 33 completed
2026-03-06 06:56:14,952 - INFO -    Theories found: 2
2026-03-06 06:56:14,952 - INFO -    Supervisions: 0
2026-03-06 06:56:14,952 - INFO -    Error count: 0
2026-03-06 06:56:14,952 - INFO - 💾 Periodic state save completed
2026-03-06 06:56:14,952 - INFO - ⏳ Waiting 300s before next batch...
2026-03-06 07:01:14,953 - INFO - 
================================================================================
2026-03-06 07:01:14,953 - INFO - 🚀 Starting batch 34
2026-03-06 07:01:14,953 - INFO -    Analyzing 3 surahs: [27, 28, 29]
2026-03-06 07:01:14,953 - INFO - ================================================================================
2026-03-06 07:01:17,666 - INFO - ✅ Batch 34 completed
2026-03-06 07:01:17,666 - INFO -    Theories found: 2
2026-03-06 07:01:17,666 - INFO -    Supervisions: 0
2026-03-06 07:01:17,666 - INFO -    Error count: 0
2026-03-06 07:01:17,666 - INFO - ⏳ Waiting 300s before next batch...
2026-03-06 07:06:17,666 - INFO - 
================================================================================
2026-03-06 07:06:17,666 - INFO - 🚀 Starting batch 35
2026-03-06 07:06:17,666 - INFO -    Analyzing 3 surahs: [30, 31, 32]
2026-03-06 07:06:17,667 - INFO - ================================================================================
2026-03-06 07:06:20,373 - INFO - ✅ Batch 35 completed
2026-03-06 07:06:20,373 - INFO -    Theories found: 2
2026-03-06 07:06:20,373 - INFO -    Supervisions: 0
2026-03-06 07:06:20,373 - INFO -    Error count: 0
2026-03-06 07:06:20,374 - INFO - ⏳ Waiting 300s before next batch...
