2026-03-06 11:56:51,125 - INFO - Meritocracy schema initialized
2026-03-06 11:56:51,138 - INFO - Meritocracy DB initialized at /workspaces/QL/data/processed/meritocracy.db
2026-03-06 11:56:51,140 - INFO - Registered agent: Crypt-Worker with role: Cryptographic Engineer
2026-03-06 11:56:51,141 - INFO - Registered agent: Senior Architect with role: Senior Architect & Reviewer
2026-03-06 11:56:51,141 - INFO - Registered agent: Linguistic-Worker with role: Linguistic Analyst
2026-03-06 11:56:51,141 - INFO - Registered agent: Philologist with role: Philological Expert
2026-03-06 11:56:51,155 - INFO - 🏛️  Continuous Hive Runner initialized
2026-03-06 11:56:51,155 - INFO -    Batch size: 3 surahs
2026-03-06 11:56:51,155 - INFO -    Loop interval: 300 seconds
2026-03-06 11:56:51,155 - INFO - 🏛️  Starting continuous hive operation
2026-03-06 11:56:51,155 - INFO -    Total surahs available: 29
2026-03-06 11:56:51,155 - INFO -    Batch size: 3
2026-03-06 11:56:51,156 - INFO -    Batches per cycle: 9
2026-03-06 11:56:51,156 - INFO - 
================================================================================
2026-03-06 11:56:51,156 - INFO - 🚀 Starting batch 1
2026-03-06 11:56:51,156 - INFO -    Analyzing 3 surahs: [2, 3, 7]
2026-03-06 11:56:51,156 - INFO - ================================================================================
2026-03-06 11:56:54,132 - INFO - ✅ Batch 1 completed
2026-03-06 11:56:54,134 - INFO -    Theories found: 2
2026-03-06 11:56:54,134 - INFO -    Supervisions: 0
2026-03-06 11:56:54,135 - INFO -    Error count: 0
2026-03-06 11:56:54,135 - INFO - ⏳ Waiting 300s before next batch...
2026-03-06 12:01:54,135 - INFO - 
================================================================================
2026-03-06 12:01:54,137 - INFO - 🚀 Starting batch 2
2026-03-06 12:01:54,137 - INFO -    Analyzing 3 surahs: [10, 11, 12]
2026-03-06 12:01:54,137 - INFO - ================================================================================
2026-03-06 12:01:56,974 - INFO - ✅ Batch 2 completed
2026-03-06 12:01:56,974 - INFO -    Theories found: 2
2026-03-06 12:01:56,975 - INFO -    Supervisions: 0
2026-03-06 12:01:56,975 - INFO -    Error count: 0
2026-03-06 12:01:56,975 - INFO - ⏳ Waiting 300s before next batch...
2026-03-06 12:06:56,975 - INFO - 
================================================================================
2026-03-06 12:06:56,975 - INFO - 🚀 Starting batch 3
2026-03-06 12:06:56,975 - INFO -    Analyzing 3 surahs: [13, 14, 15]
2026-03-06 12:06:56,975 - INFO - ================================================================================
2026-03-06 12:06:59,812 - INFO - ✅ Batch 3 completed
2026-03-06 12:06:59,812 - INFO -    Theories found: 2
2026-03-06 12:06:59,812 - INFO -    Supervisions: 0
2026-03-06 12:06:59,812 - INFO -    Error count: 0
2026-03-06 12:06:59,813 - INFO - 💾 Periodic state save completed
2026-03-06 12:06:59,813 - INFO - ⏳ Waiting 300s before next batch...
2026-03-06 12:11:59,813 - INFO - 
================================================================================
2026-03-06 12:11:59,814 - INFO - 🚀 Starting batch 4
2026-03-06 12:11:59,814 - INFO -    Analyzing 3 surahs: [19, 20, 26]
2026-03-06 12:11:59,814 - INFO - ================================================================================
2026-03-06 12:12:02,564 - INFO - ✅ Batch 4 completed
2026-03-06 12:12:02,564 - INFO -    Theories found: 2
2026-03-06 12:12:02,564 - INFO -    Supervisions: 0
2026-03-06 12:12:02,564 - INFO -    Error count: 0
2026-03-06 12:12:02,564 - INFO - ⏳ Waiting 300s before next batch...
2026-03-06 12:17:02,564 - INFO - 
================================================================================
2026-03-06 12:17:02,564 - INFO - 🚀 Starting batch 5
2026-03-06 12:17:02,565 - INFO -    Analyzing 3 surahs: [27, 28, 29]
2026-03-06 12:17:02,565 - INFO - ================================================================================
2026-03-06 12:17:05,358 - INFO - ✅ Batch 5 completed
2026-03-06 12:17:05,358 - INFO -    Theories found: 2
2026-03-06 12:17:05,358 - INFO -    Supervisions: 0
2026-03-06 12:17:05,359 - INFO -    Error count: 0
2026-03-06 12:17:05,359 - INFO - ⏳ Waiting 300s before next batch...
2026-03-06 12:22:05,359 - INFO - 
================================================================================
2026-03-06 12:22:05,359 - INFO - 🚀 Starting batch 6
2026-03-06 12:22:05,359 - INFO -    Analyzing 3 surahs: [30, 31, 32]
2026-03-06 12:22:05,359 - INFO - ================================================================================
2026-03-06 12:22:08,148 - INFO - ✅ Batch 6 completed
2026-03-06 12:22:08,148 - INFO -    Theories found: 2
2026-03-06 12:22:08,149 - INFO -    Supervisions: 0
2026-03-06 12:22:08,149 - INFO -    Error count: 0
2026-03-06 12:22:08,150 - INFO - 💾 Periodic state save completed
2026-03-06 12:22:08,151 - INFO - ⏳ Waiting 300s before next batch...
2026-03-06 12:27:08,151 - INFO - 
================================================================================
2026-03-06 12:27:08,152 - INFO - 🚀 Starting batch 7
2026-03-06 12:27:08,152 - INFO -    Analyzing 3 surahs: [36, 38, 40]
2026-03-06 12:27:08,152 - INFO - ================================================================================
2026-03-06 12:27:10,928 - INFO - ✅ Batch 7 completed
2026-03-06 12:27:10,928 - INFO -    Theories found: 2
2026-03-06 12:27:10,928 - INFO -    Supervisions: 0
2026-03-06 12:27:10,928 - INFO -    Error count: 0
2026-03-06 12:27:10,929 - INFO - ⏳ Waiting 300s before next batch...
2026-03-06 12:32:10,929 - INFO - 
================================================================================
2026-03-06 12:32:10,929 - INFO - 🚀 Starting batch 8
2026-03-06 12:32:10,929 - INFO -    Analyzing 3 surahs: [41, 42, 43]
2026-03-06 12:32:10,929 - INFO - ================================================================================
2026-03-06 12:32:13,663 - INFO - ✅ Batch 8 completed
2026-03-06 12:32:13,663 - INFO -    Theories found: 2
2026-03-06 12:32:13,663 - INFO -    Supervisions: 0
2026-03-06 12:32:13,663 - INFO -    Error count: 0
2026-03-06 12:32:13,663 - INFO - ⏳ Waiting 300s before next batch...
2026-03-06 12:37:13,663 - INFO - 
================================================================================
2026-03-06 12:37:13,664 - INFO - 🚀 Starting batch 9
2026-03-06 12:37:13,664 - INFO -    Analyzing 3 surahs: [44, 45, 46]
2026-03-06 12:37:13,664 - INFO - ================================================================================
2026-03-06 12:37:16,443 - INFO - ✅ Batch 9 completed
2026-03-06 12:37:16,443 - INFO -    Theories found: 2
2026-03-06 12:37:16,443 - INFO -    Supervisions: 0
2026-03-06 12:37:16,443 - INFO -    Error count: 0
2026-03-06 12:37:16,444 - INFO - 💾 Periodic state save completed
2026-03-06 12:37:16,444 - INFO - ⏳ Waiting 300s before next batch...
2026-03-06 12:42:16,445 - INFO - 
================================================================================
2026-03-06 12:42:16,445 - INFO - 🚀 Starting batch 10
2026-03-06 12:42:16,445 - INFO -    Analyzing 2 surahs: [50, 68]
2026-03-06 12:42:16,445 - INFO - ================================================================================
2026-03-06 12:42:18,810 - INFO - ✅ Batch 10 completed
2026-03-06 12:42:18,811 - INFO -    Theories found: 2
2026-03-06 12:42:18,811 - INFO -    Supervisions: 0
2026-03-06 12:42:18,811 - INFO -    Error count: 0
2026-03-06 12:42:18,811 - INFO - ⏳ Waiting 300s before next batch...
2026-03-06 12:47:18,811 - INFO - 
================================================================================
2026-03-06 12:47:18,812 - INFO - 🚀 Starting batch 11
2026-03-06 12:47:18,813 - INFO -    Analyzing 3 surahs: [3, 7, 10]
2026-03-06 12:47:18,813 - INFO - ================================================================================
2026-03-06 12:47:21,703 - INFO - ✅ Batch 11 completed
2026-03-06 12:47:21,705 - INFO -    Theories found: 2
2026-03-06 12:47:21,705 - INFO -    Supervisions: 0
2026-03-06 12:47:21,705 - INFO -    Error count: 0
2026-03-06 12:47:21,706 - INFO - ⏳ Waiting 300s before next batch...
2026-03-06 12:52:21,707 - INFO - 
================================================================================
2026-03-06 12:52:21,707 - INFO - 🚀 Starting batch 12
2026-03-06 12:52:21,707 - INFO -    Analyzing 3 surahs: [11, 12, 13]
2026-03-06 12:52:21,707 - INFO - ================================================================================
2026-03-06 12:52:24,675 - INFO - ✅ Batch 12 completed
2026-03-06 12:52:24,675 - INFO -    Theories found: 2
2026-03-06 12:52:24,675 - INFO -    Supervisions: 0
2026-03-06 12:52:24,675 - INFO -    Error count: 0
2026-03-06 12:52:24,677 - INFO - 💾 Periodic state save completed
2026-03-06 12:52:24,677 - INFO - ⏳ Waiting 300s before next batch...
2026-03-06 12:57:24,678 - INFO - 
================================================================================
2026-03-06 12:57:24,678 - INFO - 🚀 Starting batch 13
2026-03-06 12:57:24,678 - INFO -    Analyzing 3 surahs: [14, 15, 19]
2026-03-06 12:57:24,678 - INFO - ================================================================================
2026-03-06 12:57:27,465 - INFO - ✅ Batch 13 completed
2026-03-06 12:57:27,465 - INFO -    Theories found: 2
2026-03-06 12:57:27,465 - INFO -    Supervisions: 0
2026-03-06 12:57:27,465 - INFO -    Error count: 0
2026-03-06 12:57:27,465 - INFO - ⏳ Waiting 300s before next batch...
2026-03-06 13:02:27,465 - INFO - 
================================================================================
2026-03-06 13:02:27,465 - INFO - 🚀 Starting batch 14
2026-03-06 13:02:27,466 - INFO -    Analyzing 3 surahs: [20, 26, 27]
2026-03-06 13:02:27,466 - INFO - ================================================================================
2026-03-06 13:02:30,266 - INFO - ✅ Batch 14 completed
2026-03-06 13:02:30,266 - INFO -    Theories found: 2
2026-03-06 13:02:30,266 - INFO -    Supervisions: 0
2026-03-06 13:02:30,266 - INFO -    Error count: 0
2026-03-06 13:02:30,266 - INFO - ⏳ Waiting 300s before next batch...
2026-03-06 13:07:30,267 - INFO - 
================================================================================
2026-03-06 13:07:30,267 - INFO - 🚀 Starting batch 15
2026-03-06 13:07:30,267 - INFO -    Analyzing 3 surahs: [28, 29, 30]
2026-03-06 13:07:30,267 - INFO - ================================================================================
2026-03-06 13:07:33,083 - INFO - ✅ Batch 15 completed
2026-03-06 13:07:33,083 - INFO -    Theories found: 2
2026-03-06 13:07:33,083 - INFO -    Supervisions: 0
2026-03-06 13:07:33,083 - INFO -    Error count: 0
2026-03-06 13:07:33,085 - INFO - 💾 Periodic state save completed
2026-03-06 13:07:33,085 - INFO - ⏳ Waiting 300s before next batch...
2026-03-06 13:12:33,086 - INFO - 
================================================================================
2026-03-06 13:12:33,100 - INFO - 🚀 Starting batch 16
2026-03-06 13:12:33,100 - INFO -    Analyzing 3 surahs: [31, 32, 36]
2026-03-06 13:12:33,100 - INFO - ================================================================================
2026-03-06 13:12:35,959 - INFO - ✅ Batch 16 completed
2026-03-06 13:12:35,960 - INFO -    Theories found: 2
2026-03-06 13:12:35,960 - INFO -    Supervisions: 0
2026-03-06 13:12:35,960 - INFO -    Error count: 0
2026-03-06 13:12:35,960 - INFO - ⏳ Waiting 300s before next batch...
2026-03-06 13:17:35,960 - INFO - 
================================================================================
2026-03-06 13:17:35,960 - INFO - 🚀 Starting batch 17
2026-03-06 13:17:35,960 - INFO -    Analyzing 3 surahs: [38, 40, 41]
2026-03-06 13:17:35,960 - INFO - ================================================================================
2026-03-06 13:17:38,759 - INFO - ✅ Batch 17 completed
2026-03-06 13:17:38,759 - INFO -    Theories found: 2
2026-03-06 13:17:38,759 - INFO -    Supervisions: 0
2026-03-06 13:17:38,759 - INFO -    Error count: 0
2026-03-06 13:17:38,759 - INFO - ⏳ Waiting 300s before next batch...
2026-03-06 13:22:38,759 - INFO - 
================================================================================
2026-03-06 13:22:38,761 - INFO - 🚀 Starting batch 18
2026-03-06 13:22:38,761 - INFO -    Analyzing 3 surahs: [42, 43, 44]
2026-03-06 13:22:38,761 - INFO - ================================================================================
2026-03-06 13:22:41,560 - INFO - ✅ Batch 18 completed
2026-03-06 13:22:41,560 - INFO -    Theories found: 2
2026-03-06 13:22:41,560 - INFO -    Supervisions: 0
2026-03-06 13:22:41,560 - INFO -    Error count: 0
2026-03-06 13:22:41,561 - INFO - 💾 Periodic state save completed
2026-03-06 13:22:41,561 - INFO - ⏳ Waiting 300s before next batch...
2026-03-06 13:27:41,561 - INFO - 
================================================================================
2026-03-06 13:27:41,650 - INFO - 🚀 Starting batch 19
2026-03-06 13:27:41,650 - INFO -    Analyzing 3 surahs: [45, 46, 50]
2026-03-06 13:27:41,650 - INFO - ================================================================================
2026-03-06 13:27:44,512 - INFO - ✅ Batch 19 completed
2026-03-06 13:27:44,512 - INFO -    Theories found: 2
2026-03-06 13:27:44,512 - INFO -    Supervisions: 0
2026-03-06 13:27:44,513 - INFO -    Error count: 0
2026-03-06 13:27:44,513 - INFO - ⏳ Waiting 300s before next batch...
2026-03-06 13:32:44,527 - INFO - 
================================================================================
2026-03-06 13:32:44,588 - INFO - 🚀 Starting batch 20
2026-03-06 13:32:44,589 - INFO -    Analyzing 1 surahs: [68]
2026-03-06 13:32:44,590 - INFO - ================================================================================
2026-03-06 13:32:47,083 - INFO - ✅ Batch 20 completed
2026-03-06 13:32:47,788 - INFO -    Theories found: 2
2026-03-06 13:32:47,788 - INFO -    Supervisions: 0
2026-03-06 13:32:47,788 - INFO -    Error count: 0
2026-03-06 13:32:47,789 - INFO - ⏳ Waiting 300s before next batch...
2026-03-06 13:37:47,871 - INFO - 
================================================================================
2026-03-06 13:37:47,971 - INFO - 🚀 Starting batch 21
2026-03-06 13:37:47,973 - INFO -    Analyzing 3 surahs: [7, 10, 11]
2026-03-06 13:37:47,973 - INFO - ================================================================================
2026-03-06 13:37:51,607 - INFO - ✅ Batch 21 completed
2026-03-06 13:37:51,608 - INFO -    Theories found: 2
2026-03-06 13:37:51,608 - INFO -    Supervisions: 0
2026-03-06 13:37:51,608 - INFO -    Error count: 0
2026-03-06 13:37:51,645 - INFO - 💾 Periodic state save completed
2026-03-06 13:37:51,645 - INFO - ⏳ Waiting 300s before next batch...
2026-03-06 13:42:51,645 - INFO - 
================================================================================
2026-03-06 13:42:51,653 - INFO - 🚀 Starting batch 22
2026-03-06 13:42:51,653 - INFO -    Analyzing 3 surahs: [12, 13, 14]
2026-03-06 13:42:51,653 - INFO - ================================================================================
2026-03-06 13:42:54,469 - INFO - ✅ Batch 22 completed
2026-03-06 13:42:54,469 - INFO -    Theories found: 2
2026-03-06 13:42:54,469 - INFO -    Supervisions: 0
2026-03-06 13:42:54,470 - INFO -    Error count: 0
2026-03-06 13:42:54,470 - INFO - ⏳ Waiting 300s before next batch...
2026-03-06 13:47:54,470 - INFO - 
================================================================================
2026-03-06 13:47:54,470 - INFO - 🚀 Starting batch 23
2026-03-06 13:47:54,470 - INFO -    Analyzing 3 surahs: [15, 19, 20]
2026-03-06 13:47:54,470 - INFO - ================================================================================
2026-03-06 13:47:57,265 - INFO - ✅ Batch 23 completed
2026-03-06 13:47:57,265 - INFO -    Theories found: 2
2026-03-06 13:47:57,265 - INFO -    Supervisions: 0
2026-03-06 13:47:57,265 - INFO -    Error count: 0
2026-03-06 13:47:57,265 - INFO - ⏳ Waiting 300s before next batch...
2026-03-06 13:52:57,265 - INFO - 
================================================================================
2026-03-06 13:52:57,266 - INFO - 🚀 Starting batch 24
2026-03-06 13:52:57,267 - INFO -    Analyzing 3 surahs: [26, 27, 28]
2026-03-06 13:52:57,267 - INFO - ================================================================================
2026-03-06 13:53:00,042 - INFO - ✅ Batch 24 completed
2026-03-06 13:53:00,042 - INFO -    Theories found: 2
2026-03-06 13:53:00,042 - INFO -    Supervisions: 0
2026-03-06 13:53:00,042 - INFO -    Error count: 0
2026-03-06 13:53:00,045 - INFO - 💾 Periodic state save completed
2026-03-06 13:53:00,046 - INFO - ⏳ Waiting 300s before next batch...
2026-03-06 13:58:00,046 - INFO - 
================================================================================
2026-03-06 13:58:00,063 - INFO - 🚀 Starting batch 25
2026-03-06 13:58:00,063 - INFO -    Analyzing 3 surahs: [29, 30, 31]
2026-03-06 13:58:00,063 - INFO - ================================================================================
2026-03-06 13:58:03,047 - INFO - ✅ Batch 25 completed
2026-03-06 13:58:03,047 - INFO -    Theories found: 2
2026-03-06 13:58:03,048 - INFO -    Supervisions: 0
2026-03-06 13:58:03,048 - INFO -    Error count: 0
2026-03-06 13:58:03,048 - INFO - ⏳ Waiting 300s before next batch...
2026-03-06 14:03:03,054 - INFO - 
================================================================================
2026-03-06 14:03:03,069 - INFO - 🚀 Starting batch 26
2026-03-06 14:03:03,070 - INFO -    Analyzing 3 surahs: [32, 36, 38]
2026-03-06 14:03:03,070 - INFO - ================================================================================
2026-03-06 14:03:05,933 - INFO - ✅ Batch 26 completed
2026-03-06 14:03:05,933 - INFO -    Theories found: 2
2026-03-06 14:03:05,933 - INFO -    Supervisions: 0
2026-03-06 14:03:05,933 - INFO -    Error count: 0
2026-03-06 14:03:05,933 - INFO - ⏳ Waiting 300s before next batch...
2026-03-06 14:08:05,934 - INFO - 
================================================================================
2026-03-06 14:08:05,946 - INFO - 🚀 Starting batch 27
2026-03-06 14:08:05,946 - INFO -    Analyzing 3 surahs: [40, 41, 42]
2026-03-06 14:08:05,946 - INFO - ================================================================================
2026-03-06 14:08:08,724 - INFO - ✅ Batch 27 completed
2026-03-06 14:08:08,725 - INFO -    Theories found: 2
2026-03-06 14:08:08,725 - INFO -    Supervisions: 0
2026-03-06 14:08:08,725 - INFO -    Error count: 0
2026-03-06 14:08:08,727 - ERROR - ❌ Error in batch 28: [Errno 28] No space left on device
2026-03-06 14:08:08,728 - INFO - ⚠️  Attempting recovery (1/3)...
2026-03-06 14:08:18,728 - INFO - 
================================================================================
2026-03-06 14:08:18,728 - INFO - 🚀 Starting batch 28
2026-03-06 14:08:18,728 - INFO -    Analyzing 3 surahs: [40, 41, 42]
2026-03-06 14:08:18,728 - INFO - ================================================================================
2026-03-06 14:08:21,335 - INFO - ✅ Batch 28 completed
2026-03-06 14:08:21,335 - INFO -    Theories found: 2
2026-03-06 14:08:21,336 - INFO -    Supervisions: 0
2026-03-06 14:08:21,336 - INFO -    Error count: 1
2026-03-06 14:08:21,336 - INFO - ⏳ Waiting 300s before next batch...
2026-03-06 14:13:21,340 - INFO - 
================================================================================
2026-03-06 14:13:21,354 - INFO - 🚀 Starting batch 29
2026-03-06 14:13:21,355 - INFO -    Analyzing 3 surahs: [43, 44, 45]
2026-03-06 14:13:21,355 - INFO - ================================================================================
2026-03-06 14:13:24,623 - INFO - ✅ Batch 29 completed
2026-03-06 14:13:24,629 - INFO -    Theories found: 2
2026-03-06 14:13:24,632 - INFO -    Supervisions: 0
2026-03-06 14:13:24,633 - INFO -    Error count: 1
2026-03-06 14:13:24,633 - INFO - ⏳ Waiting 300s before next batch...
2026-03-06 14:18:24,634 - INFO - 
================================================================================
2026-03-06 14:18:24,642 - INFO - 🚀 Starting batch 30
2026-03-06 14:18:24,642 - INFO -    Analyzing 3 surahs: [46, 50, 68]
2026-03-06 14:18:24,642 - INFO - ================================================================================
2026-03-06 