2026-03-06 05:11:52,421 - INFO - Meritocracy schema initialized
2026-03-06 05:11:52,423 - INFO - Meritocracy DB initialized at /workspaces/QL/data/processed/meritocracy.db
2026-03-06 05:11:52,426 - INFO - Registered agent: Crypt-Worker with role: Cryptographic Engineer
2026-03-06 05:11:52,426 - INFO - Registered agent: Senior Architect with role: Senior Architect & Reviewer
2026-03-06 05:11:52,427 - INFO - Registered agent: Linguistic-Worker with role: Linguistic Analyst
2026-03-06 05:11:52,427 - INFO - Registered agent: Philologist with role: Philological Expert
2026-03-06 05:11:52,445 - INFO - 🏛️  Continuous Hive Runner initialized
2026-03-06 05:11:52,445 - INFO -    Batch size: 3 surahs
2026-03-06 05:11:52,446 - INFO -    Loop interval: 300 seconds
2026-03-06 05:11:52,446 - INFO - 🏛️  Starting continuous hive operation
2026-03-06 05:11:52,446 - INFO -    Total surahs available: 29
2026-03-06 05:11:52,447 - INFO -    Batch size: 3
2026-03-06 05:11:52,447 - INFO -    Batches per cycle: 9
2026-03-06 05:11:52,447 - INFO - 
================================================================================
2026-03-06 05:11:52,447 - INFO - 🚀 Starting batch 1
2026-03-06 05:11:52,448 - INFO -    Analyzing 3 surahs: [2, 3, 7]
2026-03-06 05:11:52,448 - INFO - ================================================================================
2026-03-06 05:11:55,251 - INFO - ✅ Batch 1 completed
2026-03-06 05:11:55,251 - INFO -    Theories found: 2
2026-03-06 05:11:55,252 - INFO -    Supervisions: 0
2026-03-06 05:11:55,252 - INFO -    Error count: 0
2026-03-06 05:11:55,252 - INFO - ⏳ Waiting 300s before next batch...
2026-03-06 05:16:55,252 - INFO - 
================================================================================
2026-03-06 05:16:55,253 - INFO - 🚀 Starting batch 2
2026-03-06 05:16:55,253 - INFO -    Analyzing 3 surahs: [10, 11, 12]
2026-03-06 05:16:55,253 - INFO - ================================================================================
2026-03-06 05:16:

58,005 - INFO - ✅ Batch 2 completed
2026-03-06 05:16:58,006 - INFO -    Theories found: 2
2026-03-06 05:16:58,006 - INFO -    Supervisions: 0
2026-03-06 05:16:58,007 - INFO -    Error count: 0
2026-03-06 05:16:58,007 - INFO - ⏳ Waiting 300s before next batch..2026-03-06 05:21:58,007 - INFO - 
================================================================================
2026-03-06 05:21:58,008 - INFO - 🚀 Starting batch 3
2026-03-06 05:21:58,008 - INFO -    Analyzing 3 surahs: [13, 14, 15]
2026-03-06 05:21:58,008 - INFO - ================================================================================
2026-03-06 05:22:00,762 - INFO - ✅ Batch 3 completed
2026-03-06 05:22:00,762 - INFO -    Theories found: 2
2026-03-06 05:22:00,763 - INFO -    Supervisions: 0
2026-03-06 05:22:00,764 - INFO -    Error count: 0
2026-03-06 05:22:00,765 - INFO - 💾 Periodic state save completed
2026-03-06 05:22:00,766 - INFO - ⏳ Waiting 300s before next batch...
2026-03-06 05:27:00,767 - INFO - 
================================================================================
2026-03-06 05:27:00,767 - INFO - 🚀 Starting batch 4
2026-03-06 05:27:00,768 - INFO -    Analyzing 3 surahs: [19, 20, 26]
2026-03-06 05:27:00,768 - INFO - ================================================================================
2026-03-06 05:27:03,397 - INFO - ✅ Batch 4 completed
2026-03-06 05:27:03,398 - INFO -    Theories found: 2
2026-03-06 05:27:03,398 - INFO -    Supervisions: 0
2026-03-06 05:27:03,398 - INFO -    Error count: 0
2026-03-06 05:27:03,398 - INFO - ⏳ Waiting 300s before next batch...
2026-03-06 05:32:03,399 - INFO - 
================================================================================
2026-03-06 05:32:03,401 - INFO - 🚀 Starting batch 5
2026-03-06 05:32:03,402 - INFO -    Analyzing 3 surahs: [27, 28, 29]
2026-03-06 05:32:03,402 - INFO - ================================================================================
2026-03-06 05:32:05,989 - INFO - ✅ Batch 5 completed
2026-03-06 05:32:05,989 - INFO -    Theories found: 2
2026-03-06 05:32:05,989 - INFO -    Supervisions: 0
2026-03-06 05:32:05,990 - INFO -    Error count: 0
2026-03-06 05:32:05,990 - INFO - ⏳ Waiting 300s before next batch...
2026-03-06 05:37:05,990 - INFO - 
================================================================================
2026-03-06 05:37:05,994 - INFO - 🚀 Starting batch 6
2026-03-06 05:37:05,994 - INFO -    Analyzing 3 surahs: [30, 31, 32]
2026-03-06 05:37:05,995 - INFO - ================================================================================
2026-03-06 05:37:08,611 - INFO - ✅ Batch 6 completed
2026-03-06 05:37:08,613 - INFO -    Theories found: 2
2026-03-06 05:37:08,613 - INFO -    Supervisions: 0
2026-03-06 05:37:08,614 - INFO -    Error count: 0
2026-03-06 05:37:08,617 - INFO - 💾 Periodic state save completed
2026-03-06 05:37:08,617 - INFO - ⏳ Waiting 300s before next batch...
2026-03-06 05:42:08,618 - INFO - 
================================================================================
2026-03-06 05:42:08,619 - INFO - 🚀 Starting batch 7
2026-03-06 05:42:08,619 - INFO -    Analyzing 3 surahs: [36, 38, 40]
2026-03-06 05:42:08,619 - INFO - ================================================================================
2026-03-06 05:42:11,279 - INFO - ✅ Batch 7 completed
2026-03-06 05:42:11,279 - INFO -    Theories found: 2
2026-03-06 05:42:11,279 - INFO -    Supervisions: 0
2026-03-06 05:42:11,279 - INFO -    Error count: 0
2026-03-06 05:42:11,279 - INFO - ⏳ Waiting 300s before next batch...
2026-03-06 05:47:11,279 - INFO - 
================================================================================
2026-03-06 05:47:11,280 - INFO - 🚀 Starting batch 8
2026-03-06 05:47:11,280 - INFO -    Analyzing 3 surahs: [41, 42, 43]
2026-03-06 05:47:11,280 - INFO - ================================================================================
2026-03-06 05:47:14,650 - INFO - ✅ Batch 8 completed
2026-03-06 05:47:14,650 - INFO -    Theories found: 2
2026-03-06 05:47:14,651 - INFO -    Supervisions: 0
2026-03-06 05:47:14,651 - INFO -    Error count: 0
2026-03-06 05:47:14,651 - INFO - ⏳ Waiting 300s before next batch...
2026-03-06 05:52:14,651 - INFO - 
================================================================================
2026-03-06 05:52:14,651 - INFO - 🚀 Starting batch 9
2026-03-06 05:52:14,651 - INFO -    Analyzing 3 surahs: [44, 45, 46]
2026-03-06 05:52:14,651 - INFO - ================================================================================
2026-03-06 05:52:17,393 - INFO - ✅ Batch 9 completed
2026-03-06 05:52:17,394 - INFO -    Theories found: 2
2026-03-06 05:52:17,394 - INFO -    Supervisions: 0
2026-03-06 05:52:17,394 - INFO -    Error count: 0
2026-03-06 05:52:17,394 - INFO - 💾 Periodic state save completed
2026-03-06 05:52:17,394 - INFO - ⏳ Waiting 300s before next batch...
2026-03-06 05:57:17,395 - INFO - 
================================================================================
2026-03-06 05:57:17,395 - INFO - 🚀 Starting batch 10
2026-03-06 05:57:17,395 - INFO -    Analyzing 2 surahs: [50, 68]
2026-03-06 05:57:17,395 - INFO - ================================================================================
2026-03-06 05:57:19,677 - INFO - ✅ Batch 10 completed
2026-03-06 05:57:19,678 - INFO -    Theories found: 2
2026-03-06 05:57:19,678 - INFO -    Supervisions: 0
2026-03-06 05:57:19,678 - INFO -    Error count: 0
2026-03-06 05:57:19,678 - INFO - ⏳ Waiting 300s before next batch...
2026-03-06 06:02:19,678 - INFO - 
================================================================================
2026-03-06 06:02:19,678 - INFO - 🚀 Starting batch 11
2026-03-06 06:02:19,679 - INFO -    Analyzing 3 surahs: [3, 7, 10]
2026-03-06 06:02:19,679 - INFO - ================================================================================
2026-03-06 06:02:22,436 - INFO - ✅ Batch 11 completed
2026-03-06 06:02:22,436 - INFO -    Theories found: 2
2026-03-06 06:02:22,436 - INFO -    Supervisions: 0
2026-03-06 06:02:22,436 - INFO -    Error count: 0
2026-03-06 06:02:22,436 - INFO - ⏳ Waiting 300s before next batch...
2026-03-06 06:07:22,437 - INFO - 
================================================================================
2026-03-06 06:07:22,437 - INFO - 🚀 Starting batch 12
2026-03-06 06:07:22,437 - INFO -    Analyzing 3 surahs: [11, 12, 13]
2026-03-06 06:07:22,437 - INFO - ================================================================================
2026-03-06 06:07:25,182 - INFO - ✅ Batch 12 completed
2026-03-06 06:07:25,182 - INFO -    Theories found: 2
2026-03-06 06:07:25,182 - INFO -    Supervisions: 0
2026-03-06 06:07:25,182 - INFO -    Error count: 0
2026-03-06 06:07:25,182 - INFO - 💾 Periodic state save completed
2026-03-06 06:07:25,183 - INFO - ⏳ Waiting 300s before next batch...
2026-03-06 06:12:25,183 - INFO - 
================================================================================
2026-03-06 06:12:25,184 - INFO - 🚀 Starting batch 13
2026-03-06 06:12:25,184 - INFO -    Analyzing 3 surahs: [14, 15, 19]
2026-03-06 06:12:25,184 - INFO - ================================================================================
2026-03-06 06:12:27,925 - INFO - ✅ Batch 13 completed
2026-03-06 06:12:27,925 - INFO -    Theories found: 2
2026-03-06 06:12:27,925 - INFO -    Supervisions: 0
2026-03-06 06:12:27,925 - INFO -    Error count: 0
2026-03-06 06:12:27,926 - INFO - ⏳ Waiting 300s before next batch...
2026-03-06 06:17:27,926 - INFO - 
================================================================================
2026-03-06 06:17:27,926 - INFO - 🚀 Starting batch 14
2026-03-06 06:17:27,926 - INFO -    Analyzing 3 surahs: [20, 26, 27]
2026-03-06 06:17:27,926 - INFO - ================================================================================
2026-03-06 06:17:30,598 - INFO - ✅ Batch 14 completed
2026-03-06 06:17:30,598 - INFO -    Theories found: 2
2026-03-06 06:17:30,598 - INFO -    Supervisions: 0
2026-03-06 06:17:30,599 - INFO -    Error count: 0
2026-03-06 06:17:30,599 - INFO - ⏳ Waiting 300s before next batch...
2026-03-06 06:22:30,599 - INFO - 
================================================================================
2026-03-06 06:22:30,599 - INFO - 🚀 Starting batch 15
2026-03-06 06:22:30,599 - INFO -    Analyzing 3 surahs: [28, 29, 30]
2026-03-06 06:22:30,599 - INFO - ================================================================================
2026-03-06 06:22:33,278 - INFO - ✅ Batch 15 completed
2026-03-06 06:22:33,278 - INFO -    Theories found: 2
2026-03-06 06:22:33,278 - INFO -    Supervisions: 0
2026-03-06 06:22:33,278 - INFO -    Error count: 0
2026-03-06 06:22:33,279 - INFO - 💾 Periodic state save completed
2026-03-06 06:22:33,279 - INFO - ⏳ Waiting 300s before next batch...
2026-03-06 06:27:33,279 - INFO - 
================================================================================
2026-03-06 06:27:33,280 - INFO - 🚀 Starting batch 16
2026-03-06 06:27:33,280 - INFO -    Analyzing 3 surahs: [31, 32, 36]
2026-03-06 06:27:33,280 - INFO - ================================================================================
2026-03-06 06:27:35,953 - INFO - ✅ Batch 16 completed
2026-03-06 06:27:35,954 - INFO -    Theories found: 2
2026-03-06 06:27:35,954 - INFO -    Supervisions: 0
2026-03-06 06:27:35,954 - INFO -    Error count: 0
2026-03-06 06:27:35,954 - INFO - ⏳ Waiting 300s before next batch...
2026-03-06 06:32:35,954 - INFO - 
================================================================================
2026-03-06 06:32:35,954 - INFO - 🚀 Starting batch 17
2026-03-06 06:32:35,954 - INFO -    Analyzing 3 surahs: [38, 40, 41]
2026-03-06 06:32:35,954 - INFO - ================================================================================
2026-03-06 06:32:38,705 - INFO - ✅ Batch 17 completed
2026-03-06 06:32:38,705 - INFO -    Theories found: 2
2026-03-06 06:32:38,705 - INFO -    Supervisions: 0
2026-03-06 06:32:38,706 - INFO -    Error count: 0
2026-03-06 06:32:38,706 - INFO - ⏳ Waiting 300s before next batch...
2026-03-06 06:37:38,706 - INFO - 
================================================================================
2026-03-06 06:37:38,706 - INFO - 🚀 Starting batch 18
2026-03-06 06:37:38,707 - INFO -    Analyzing 3 surahs: [42, 43, 44]
2026-03-06 06:37:38,707 - INFO - ================================================================================
2026-03-06 06:37:41,439 - INFO - ✅ Batch 18 completed
2026-03-06 06:37:41,439 - INFO -    Theories found: 2
2026-03-06 06:37:41,439 - INFO -    Supervisions: 0
2026-03-06 06:37:41,439 - INFO -    Error count: 0
2026-03-06 06:37:41,440 - INFO - 💾 Periodic state save completed
2026-03-06 06:37:41,440 - INFO - ⏳ Waiting 300s before next batch...
2026-03-06 06:42:41,440 - INFO - 
================================================================================
2026-03-06 06:42:41,441 - INFO - 🚀 Starting batch 19
2026-03-06 06:42:41,441 - INFO -    Analyzing 3 surahs: [45, 46, 50]
2026-03-06 06:42:41,441 - INFO - ================================================================================
2026-03-06 06:42:44,172 - INFO - ✅ Batch 19 completed
2026-03-06 06:42:44,172 - INFO -    Theories found: 2
2026-03-06 06:42:44,173 - INFO -    Supervisions: 0
2026-03-06 06:42:44,173 - INFO -    Error count: 0
2026-03-06 06:42:44,173 - INFO - ⏳ Waiting 300s before next batch...
2026-03-06 06:47:44,173 - INFO - 
================================================================================
2026-03-06 06:47:44,173 - INFO - 🚀 Starting batch 20
2026-03-06 06:47:44,173 - INFO -    Analyzing 1 surahs: [68]
2026-03-06 06:47:44,173 - INFO - ================================================================================
2026-03-06 06:47:46,006 - INFO - ✅ Batch 20 completed
2026-03-06 06:47:46,006 - INFO -    Theories found: 2
2026-03-06 06:47:46,006 - INFO -    Supervisions: 0
2026-03-06 06:47:46,006 - INFO -    Error count: 0
2026-03-06 06:47:46,006 - INFO - ⏳ Waiting 300s before next batch...
2026-03-06 06:52:46,006 - INFO - 
================================================================================
2026-03-06 06:52:46,007 - INFO - 🚀 Starting batch 21
2026-03-06 06:52:46,007 - INFO -    Analyzing 3 surahs: [7, 10, 11]
2026-03-06 06:52:46,007 - INFO - ================================================================================
2026-03-06 06:52:48,757 - INFO - ✅ Batch 21 completed
2026-03-06 06:52:48,757 - INFO -    Theories found: 2
2026-03-06 06:52:48,757 - INFO -    Supervisions: 0
2026-03-06 06:52:48,757 - INFO -    Error count: 0
2026-03-06 06:52:48,758 - INFO - 💾 Periodic state save completed
2026-03-06 06:52:48,758 - INFO - ⏳ Waiting 300s before next batch...
2026-03-06 06:57:48,758 - INFO - 
================================================================================
2026-03-06 06:57:48,758 - INFO - 🚀 Starting batch 22
2026-03-06 06:57:48,758 - INFO -    Analyzing 3 surahs: [12, 13, 14]
2026-03-06 06:57:48,758 - INFO - ================================================================================
2026-03-06 06:57:51,492 - INFO - ✅ Batch 22 completed
2026-03-06 06:57:51,492 - INFO -    Theories found: 2
2026-03-06 06:57:51,492 - INFO -    Supervisions: 0
2026-03-06 06:57:51,492 - INFO -    Error count: 0
2026-03-06 06:57:51,492 - INFO - ⏳ Waiting 300s before next batch...
2026-03-06 07:02:51,492 - INFO - 
================================================================================
2026-03-06 07:02:51,493 - INFO - 🚀 Starting batch 23
2026-03-06 07:02:51,493 - INFO -    Analyzing 3 surahs: [15, 19, 20]
2026-03-06 07:02:51,493 - INFO - ================================================================================
2026-03-06 07:02:54,166 - INFO - ✅ Batch 23 completed
2026-03-06 07:02:54,166 - INFO -    Theories found: 2
2026-03-06 07:02:54,166 - INFO -    Supervisions: 0
2026-03-06 07:02:54,166 - INFO -    Error count: 0
2026-03-06 07:02:54,166 - INFO - ⏳ Waiting 300s before next batch...
