2026-03-06 04:19:47,449 - INFO - HTTP Request: POST http://localhost:11434/api/chat "HTTP/1.1 500 Internal Server Error"
2026-03-06 04:19:49,225 - INFO - 🏛️  Continuous Hive Runner initialized
2026-03-06 04:19:49,225 - INFO -    Batch size: 5 surahs
2026-03-06 04:19:49,225 - INFO -    Loop interval: 600 seconds
2026-03-06 04:19:49,226 - INFO - 🏛️  Starting continuous hive operation
2026-03-06 04:19:49,226 - INFO -    Total surahs available: 29
2026-03-06 04:19:49,226 - INFO -    Batch size: 5
2026-03-06 04:19:49,226 - INFO -    Batches per cycle: 5
2026-03-06 04:19:49,226 - INFO - 
================================================================================
2026-03-06 04:19:49,226 - INFO - 🚀 Starting batch 1
2026-03-06 04:19:49,226 - INFO -    Analyzing 5 surahs: [2, 3, 7, 10, 11]
2026-03-06 04:19:49,226 - INFO - ================================================================================
2026-03-06 04:19:52,898 - INFO - ✅ Batch 1 completed
2026-03-06 04:19:52,898 - INFO -    Theories found: 2
2026-03-06 04:19:52,898 - INFO -    Supervisions: 0
2026-03-06 04:19:52,898 - INFO -    Error count: 0
2026-03-06 04:19:52,898 - INFO - ⏳ Waiting 600s before next batch...
2026-03-06 04:29:52,898 - INFO - 
================================================================================
2026-03-06 04:29:52,899 - INFO - 🚀 Starting batch 2
2026-03-06 04:29:52,900 - INFO -    Analyzing 5 surahs: [12, 13, 14, 15, 19]
2026-03-06 04:29:52,900 - INFO - ================================================================================
2026-03-06 04:29:56,507 - INFO - ✅ Batch 2 completed
2026-03-06 04:29:56,507 - INFO -    Theories found: 2
2026-03-06 04:29:56,507 - INFO -    Supervisions: 0
2026-03-06 04:29:56,507 - INFO -    Error count: 0
2026-03-06 04:29:56,507 - INFO - ⏳ Waiting 600s before next batch...
2026-03-06 04:39:56,507 - INFO - 
================================================================================
2026-03-06 04:39:56,508 - INFO - 🚀 Starting batch 3
2026-03-06 04:39:56,509 - INFO -    Analyzing 5 surahs: [20, 26, 27, 28, 29]
2026-03-06 04:39:56,509 - INFO - ================================================================================
2026-03-06 04:40:00,129 - INFO - ✅ Batch 3 completed
2026-03-06 04:40:00,129 - INFO -    Theories found: 2
2026-03-06 04:40:00,129 - INFO -    Supervisions: 0
2026-03-06 04:40:00,129 - INFO -    Error count: 0
2026-03-06 04:40:00,130 - INFO - 💾 Periodic state save completed
2026-03-06 04:40:00,130 - INFO - ⏳ Waiting 600s before next batch...
2026-03-06 04:50:00,134 - INFO - 
================================================================================
2026-03-06 04:50:00,142 - INFO - 🚀 Starting batch 4
2026-03-06 04:50:00,142 - INFO -    Analyzing 5 surahs: [30, 31, 32, 36, 38]
2026-03-06 04:50:00,143 - INFO - ================================================================================
2026-03-06 04:50:03,824 - INFO - ✅ Batch 4 completed
2026-03-06 04:50:03,824 - INFO -    Theories found: 2
2026-03-06 04:50:03,824 - INFO -    Supervisions: 0
2026-03-06 04:50:03,824 - INFO -    Error count: 0
2026-03-06 04:50:03,825 - INFO - ⏳ Waiting 600s before next batch...
2026-03-06 05:00:03,825 - INFO - 
================================================================================
2026-03-06 05:00:03,825 - INFO - 🚀 Starting batch 5
2026-03-06 05:00:03,825 - INFO -    Analyzing 5 surahs: [40, 41, 42, 43, 44]
2026-03-06 05:00:03,825 - INFO - ================================================================================
2026-03-06 05:00:07,380 - INFO - ✅ Batch 5 completed
2026-03-06 05:00:07,382 - INFO -    Theories found: 2
2026-03-06 05:00:07,383 - INFO -    Supervisions: 0
2026-03-06 05:00:07,383 - INFO -    Error count: 0
2026-03-06 05:00:07,383 - INFO - ⏳ Waiting 600s before next batch...
2026-03-06 05:10:07,385 - INFO - 
================================================================================
2026-03-06 05:10:07,386 - INFO - 🚀 Starting batch 6
2026-03-06 05:10:07,387 - INFO -    Analyzing 4 surahs: [45, 46, 50, 68]
2026-03-06 05:10:07,387 - INFO - ================================================================================
2026-03-06 05:10:10,697 - INFO - ✅ Batch 6 completed
2026-03-06 05:10:10,697 - INFO -    Theories found: 2
2026-03-06 05:10:10,698 - INFO -    Supervisions: 0
2026-03-06 05:10:10,698 - INFO -    Error count: 0
2026-03-06 05:10:10,699 - INFO - 💾 Periodic state save completed
2026-03-06 05:10:10,699 - INFO - ⏳ Waiting 600s before next batch...
2026-03-06 05:20:10,699 - INFO - 
================================================================================
2026-03-06 05:20:10,701 - INFO - 🚀 Starting batch 7
2026-03-06 05:20:10,701 - INFO -    Analyzing 5 surahs: [3, 7, 10, 11, 12]
2026-03-06 05:20:10,701 - INFO - ================================================================================
2026-03-06 05:20:14,248 - INFO - ✅ Batch 7 completed
2026-03-06 05:20:14,248 - INFO -    Theories found: 2
2026-03-06 05:20:14,248 - INFO -    Supervisions: 0
2026-03-06 05:20:14,249 - INFO -    Error count: 0
2026-03-06 05:20:14,249 - INFO - ⏳ Waiting 600s before next batch...
2026-03-06 05:30:14,249 - INFO - 
================================================================================
2026-03-06 05:30:14,249 - INFO - 🚀 Starting batch 8
2026-03-06 05:30:14,249 - INFO -    Analyzing 5 surahs: [13, 14, 15, 19, 20]
2026-03-06 05:30:14,249 - INFO - ================================================================================
2026-03-06 05:30:17,865 - INFO - ✅ Batch 8 completed
2026-03-06 05:30:17,865 - INFO -    Theories found: 2
2026-03-06 05:30:17,865 - INFO -    Supervisions: 0
2026-03-06 05:30:17,865 - INFO -    Error count: 0
2026-03-06 05:30:17,865 - INFO - ⏳ Waiting 600s before next batch...
2026-03-06 05:40:17,865 - INFO - 
================================================================================
2026-03-06 05:40:17,870 - INFO - 🚀 Starting batch 9
2026-03-06 05:40:17,870 - INFO -    Analyzing 5 surahs: [26, 27, 28, 29, 30]
2026-03-06 05:40:17,870 - INFO - ================================================================================
2026-03-06 05:40:21,362 - INFO - ✅ Batch 9 completed
2026-03-06 05:40:21,362 - INFO -    Theories found: 2
2026-03-06 05:40:21,362 - INFO -    Supervisions: 0
2026-03-06 05:40:21,362 - INFO -    Error count: 0
2026-03-06 05:40:21,362 - INFO - 💾 Periodic state save completed
2026-03-06 05:40:21,362 - INFO - ⏳ Waiting 600s before next batch...
2026-03-06 05:50:21,363 - INFO - 
================================================================================
2026-03-06 05:50:21,363 - INFO - 🚀 Starting batch 10
2026-03-06 05:50:21,363 - INFO -    Analyzing 5 surahs: [31, 32, 36, 38, 40]
2026-03-06 05:50:21,363 - INFO - ================================================================================
2026-03-06 05:50:24,922 - INFO - ✅ Batch 10 completed
2026-03-06 05:50:24,922 - INFO -    Theories found: 2
2026-03-06 05:50:24,922 - INFO -    Supervisions: 0
2026-03-06 05:50:24,922 - INFO -    Error count: 0
2026-03-06 05:50:24,922 - INFO - ⏳ Waiting 600s before next batch...
2026-03-06 06:00:24,922 - INFO - 
================================================================================
2026-03-06 06:00:24,923 - INFO - 🚀 Starting batch 11
2026-03-06 06:00:24,923 - INFO -    Analyzing 5 surahs: [41, 42, 43, 44, 45]
2026-03-06 06:00:24,923 - INFO - ================================================================================
2026-03-06 06:00:28,481 - INFO - ✅ Batch 11 completed
2026-03-06 06:00:28,481 - INFO -    Theories found: 2
2026-03-06 06:00:28,481 - INFO -    Supervisions: 0
2026-03-06 06:00:28,481 - INFO -    Error count: 0
2026-03-06 06:00:28,482 - INFO - ⏳ Waiting 600s before next batch...
2026-03-06 06:10:28,482 - INFO - 
================================================================================
2026-03-06 06:10:28,483 - INFO - 🚀 Starting batch 12
2026-03-06 06:10:28,484 - INFO -    Analyzing 3 surahs: [46, 50, 68]
2026-03-06 06:10:28,484 - INFO - ================================================================================
2026-03-06 06:10:31,168 - INFO - ✅ Batch 12 completed
2026-03-06 06:10:31,168 - INFO -    Theories found: 2
2026-03-06 06:10:31,168 - INFO -    Supervisions: 0
2026-03-06 06:10:31,168 - INFO -    Error count: 0
2026-03-06 06:10:31,169 - INFO - 💾 Periodic state save completed
2026-03-06 06:10:31,169 - INFO - ⏳ Waiting 600s before next batch...
2026-03-06 06:20:31,169 - INFO - 
================================================================================
2026-03-06 06:20:31,169 - INFO - 🚀 Starting batch 13
2026-03-06 06:20:31,169 - INFO -    Analyzing 5 surahs: [7, 10, 11, 12, 13]
2026-03-06 06:20:31,169 - INFO - ================================================================================
2026-03-06 06:20:34,659 - INFO - ✅ Batch 13 completed
2026-03-06 06:20:34,659 - INFO -    Theories found: 2
2026-03-06 06:20:34,659 - INFO -    Supervisions: 0
2026-03-06 06:20:34,659 - INFO -    Error count: 0
2026-03-06 06:20:34,660 - INFO - ⏳ Waiting 600s before next batch...
2026-03-06 06:30:34,660 - INFO - 
================================================================================
2026-03-06 06:30:34,660 - INFO - 🚀 Starting batch 14
2026-03-06 06:30:34,660 - INFO -    Analyzing 5 surahs: [14, 15, 19, 20, 26]
2026-03-06 06:30:34,660 - INFO - ================================================================================
2026-03-06 06:30:38,151 - INFO - ✅ Batch 14 completed
2026-03-06 06:30:38,151 - INFO -    Theories found: 2
2026-03-06 06:30:38,151 - INFO -    Supervisions: 0
2026-03-06 06:30:38,151 - INFO -    Error count: 0
2026-03-06 06:30:38,151 - INFO - ⏳ Waiting 600s before next batch...
2026-03-06 06:40:38,152 - INFO - 
================================================================================
2026-03-06 06:40:38,152 - INFO - 🚀 Starting batch 15
2026-03-06 06:40:38,152 - INFO -    Analyzing 5 surahs: [27, 28, 29, 30, 31]
2026-03-06 06:40:38,152 - INFO - ================================================================================
2026-03-06 06:40:41,746 - INFO - ✅ Batch 15 completed
2026-03-06 06:40:41,746 - INFO -    Theories found: 2
2026-03-06 06:40:41,746 - INFO -    Supervisions: 0
2026-03-06 06:40:41,746 - INFO -    Error count: 0
2026-03-06 06:40:41,746 - INFO - 💾 Periodic state save completed
2026-03-06 06:40:41,746 - INFO - ⏳ Waiting 600s before next batch...
2026-03-06 06:50:41,747 - INFO - 
================================================================================
2026-03-06 06:50:41,747 - INFO - 🚀 Starting batch 16
2026-03-06 06:50:41,747 - INFO -    Analyzing 5 surahs: [32, 36, 38, 40, 41]
2026-03-06 06:50:41,747 - INFO - ================================================================================
2026-03-06 06:50:45,416 - INFO - ✅ Batch 16 completed
2026-03-06 06:50:45,416 - INFO -    Theories found: 2
2026-03-06 06:50:45,416 - INFO -    Supervisions: 0
2026-03-06 06:50:45,416 - INFO -    Error count: 0
2026-03-06 06:50:45,416 - INFO - ⏳ Waiting 600s before next batch...
2026-03-06 07:00:45,416 - INFO - 
================================================================================
2026-03-06 07:00:45,417 - INFO - 🚀 Starting batch 17
2026-03-06 07:00:45,417 - INFO -    Analyzing 5 surahs: [42, 43, 44, 45, 46]
2026-03-06 07:00:45,417 - INFO - ================================================================================
2026-03-06 07:00:48,969 - INFO - ✅ Batch 17 completed
2026-03-06 07:00:48,969 - INFO -    Theories found: 2
2026-03-06 07:00:48,969 - INFO -    Supervisions: 0
2026-03-06 07:00:48,969 - INFO -    Error count: 0
2026-03-06 07:00:48,969 - INFO - ⏳ Waiting 600s before next batch...
