2026-03-06 04:19:12,845 - INFO - HTTP Request: POST http://localhost:11434/api/chat "HTTP/1.1 500 Internal Server Error"
2026-03-06 04:19:14,394 - INFO - 🏛️  Continuous Hive Runner initialized
2026-03-06 04:19:14,395 - INFO -    Batch size: 10 surahs
2026-03-06 04:19:14,395 - INFO -    Loop interval: 1800 seconds
2026-03-06 04:19:14,395 - INFO - 🏛️  Starting continuous hive operation
2026-03-06 04:19:14,395 - INFO -    Total surahs available: 29
2026-03-06 04:19:14,395 - INFO -    Batch size: 10
2026-03-06 04:19:14,395 - INFO -    Batches per cycle: 2
2026-03-06 04:19:14,398 - INFO - 
================================================================================
2026-03-06 04:19:14,398 - INFO - 🚀 Starting batch 1
2026-03-06 04:19:14,398 - INFO -    Analyzing 10 surahs: [2, 3, 7, 10, 11, 12, 13, 14, 15, 19]
2026-03-06 04:19:14,399 - INFO - ================================================================================
2026-03-06 04:19:20,218 - INFO - ✅ Batch 1 completed
2026-03-06 04:19:20,219 - INFO -    Theories found: 2
2026-03-06 04:19:20,219 - INFO -    Supervisions: 0
2026-03-06 04:19:20,219 - INFO -    Error count: 0
2026-03-06 04:19:20,219 - INFO - ⏳ Waiting 1800s before next batch...
2026-03-06 04:49:20,220 - INFO - 
================================================================================
2026-03-06 04:49:20,255 - INFO - 🚀 Starting batch 2
2026-03-06 04:49:20,256 - INFO -    Analyzing 10 surahs: [20, 26, 27, 28, 29, 30, 31, 32, 36, 38]
2026-03-06 04:49:20,256 - INFO - ================================================================================
2026-03-06 04:49:26,273 - INFO - ✅ Batch 2 completed
2026-03-06 04:49:26,273 - INFO -    Theories found: 2
2026-03-06 04:49:26,273 - INFO -    Supervisions: 0
2026-03-06 04:49:26,273 - INFO -    Error count: 0
2026-03-06 04:49:26,273 - INFO - ⏳ Waiting 1800s before next batch...
2026-03-06 05:19:26,274 - INFO - 
================================================================================
2026-03-06 05:19:26,276 - INFO - 🚀 Starting batch 3
2026-03-06 05:19:26,276 - INFO -    Analyzing 9 surahs: [40, 41, 42, 43, 44, 45, 46, 50, 68]
2026-03-06 05:19:26,276 - INFO - ================================================================================
2026-03-06 05:19:31,594 - INFO - ✅ Batch 3 completed
2026-03-06 05:19:31,595 - INFO -    Theories found: 2
2026-03-06 05:19:31,595 - INFO -    Supervisions: 0
2026-03-06 05:19:31,595 - INFO -    Error count: 0
2026-03-06 05:19:31,597 - INFO - 💾 Periodic state save completed
2026-03-06 05:19:31,597 - INFO - ⏳ Waiting 1800s before next batch...
2026-03-06 05:49:31,597 - INFO - 
================================================================================
2026-03-06 05:49:31,600 - INFO - 🚀 Starting batch 4
2026-03-06 05:49:31,600 - INFO -    Analyzing 10 surahs: [3, 7, 10, 11, 12, 13, 14, 15, 19, 20]
2026-03-06 05:49:31,600 - INFO - ================================================================================
2026-03-06 05:49:37,415 - INFO - ✅ Batch 4 completed
2026-03-06 05:49:37,415 - INFO -    Theories found: 2
2026-03-06 05:49:37,416 - INFO -    Supervisions: 0
2026-03-06 05:49:37,416 - INFO -    Error count: 0
2026-03-06 05:49:37,416 - INFO - ⏳ Waiting 1800s before next batch...
2026-03-06 06:19:37,416 - INFO - 
================================================================================
2026-03-06 06:19:37,416 - INFO - 🚀 Starting batch 5
2026-03-06 06:19:37,416 - INFO -    Analyzing 10 surahs: [26, 27, 28, 29, 30, 31, 32, 36, 38, 40]
2026-03-06 06:19:37,416 - INFO - ================================================================================
2026-03-06 06:19:43,199 - INFO - ✅ Batch 5 completed
2026-03-06 06:19:43,199 - INFO -    Theories found: 2
2026-03-06 06:19:43,199 - INFO -    Supervisions: 0
2026-03-06 06:19:43,199 - INFO -    Error count: 0
2026-03-06 06:19:43,199 - INFO - ⏳ Waiting 1800s before next batch...
2026-03-06 06:49:43,199 - INFO - 
================================================================================
2026-03-06 06:49:43,200 - INFO - 🚀 Starting batch 6
2026-03-06 06:49:43,200 - INFO -    Analyzing 8 surahs: [41, 42, 43, 44, 45, 46, 50, 68]
2026-03-06 06:49:43,200 - INFO - ================================================================================
2026-03-06 06:49:48,266 - INFO - ✅ Batch 6 completed
2026-03-06 06:49:48,267 - INFO -    Theories found: 2
2026-03-06 06:49:48,267 - INFO -    Supervisions: 0
2026-03-06 06:49:48,267 - INFO -    Error count: 0
2026-03-06 06:49:48,267 - INFO - 💾 Periodic state save completed
2026-03-06 06:49:48,267 - INFO - ⏳ Waiting 1800s before next batch...
